

Started GET "/" for 127.0.0.1 at 2014-12-17 16:34:53 +0900
Processing by Rails::WelcomeController#index as HTML
  Rendered /Users/takahiro/.rvm/gems/ruby-2.0.0-p481@walker/gems/railties-4.1.8/lib/rails/templates/rails/welcome/index.html.erb (1.1ms)
Completed 200 OK in 13ms (Views: 6.0ms | ActiveRecord: 0.0ms)


Started GET "/" for 127.0.0.1 at 2014-12-17 16:35:25 +0900
Processing by Rails::WelcomeController#index as HTML
  Rendered /Users/takahiro/.rvm/gems/ruby-2.0.0-p481@walker/gems/railties-4.1.8/lib/rails/templates/rails/welcome/index.html.erb (1.1ms)
Completed 200 OK in 12ms (Views: 5.4ms | ActiveRecord: 0.0ms)


Started GET "/" for 127.0.0.1 at 2014-12-17 16:38:27 +0900
Processing by Rails::WelcomeController#index as HTML
  Rendered /Users/takahiro/.rvm/gems/ruby-2.0.0-p481@walker/gems/railties-4.1.8/lib/rails/templates/rails/welcome/index.html.erb (0.7ms)
Completed 200 OK in 2ms (Views: 1.6ms | ActiveRecord: 0.0ms)


Started GET "/" for 127.0.0.1 at 2014-12-17 17:04:51 +0900
Processing by Rails::WelcomeController#index as HTML
  Rendered /Users/takahiro/.rvm/gems/ruby-2.0.0-p481@walker/gems/railties-4.1.8/lib/rails/templates/rails/welcome/index.html.erb (1.1ms)
Completed 200 OK in 12ms (Views: 4.6ms | ActiveRecord: 0.0ms)


Started GET "/api" for 127.0.0.1 at 2014-12-17 17:04:52 +0900

ActionController::RoutingError (No route matches [GET] "/api"):
  actionpack (4.1.8) lib/action_dispatch/middleware/debug_exceptions.rb:21:in `call'
  actionpack (4.1.8) lib/action_dispatch/middleware/show_exceptions.rb:30:in `call'
  railties (4.1.8) lib/rails/rack/logger.rb:38:in `call_app'
  railties (4.1.8) lib/rails/rack/logger.rb:20:in `block in call'
  activesupport (4.1.8) lib/active_support/tagged_logging.rb:68:in `block in tagged'
  activesupport (4.1.8) lib/active_support/tagged_logging.rb:26:in `tagged'
  activesupport (4.1.8) lib/active_support/tagged_logging.rb:68:in `tagged'
  railties (4.1.8) lib/rails/rack/logger.rb:20:in `call'
  actionpack (4.1.8) lib/action_dispatch/middleware/request_id.rb:21:in `call'
  rack (1.5.2) lib/rack/methodoverride.rb:21:in `call'
  rack (1.5.2) lib/rack/runtime.rb:17:in `call'
  activesupport (4.1.8) lib/active_support/cache/strategy/local_cache_middleware.rb:26:in `call'
  rack (1.5.2) lib/rack/lock.rb:17:in `call'
  actionpack (4.1.8) lib/action_dispatch/middleware/static.rb:84:in `call'
  rack (1.5.2) lib/rack/sendfile.rb:112:in `call'
  railties (4.1.8) lib/rails/engine.rb:514:in `call'
  railties (4.1.8) lib/rails/application.rb:144:in `call'
  rack (1.5.2) lib/rack/lock.rb:17:in `call'
  rack (1.5.2) lib/rack/content_length.rb:14:in `call'
  rack (1.5.2) lib/rack/handler/webrick.rb:60:in `service'
  /Users/takahiro/.rvm/rubies/ruby-2.0.0-p481/lib/ruby/2.0.0/webrick/httpserver.rb:138:in `service'
  /Users/takahiro/.rvm/rubies/ruby-2.0.0-p481/lib/ruby/2.0.0/webrick/httpserver.rb:94:in `run'
  /Users/takahiro/.rvm/rubies/ruby-2.0.0-p481/lib/ruby/2.0.0/webrick/server.rb:295:in `block in start_thread'


  Rendered /Users/takahiro/.rvm/gems/ruby-2.0.0-p481@walker/gems/actionpack-4.1.8/lib/action_dispatch/middleware/templates/rescues/_trace.html.erb (1.0ms)
  Rendered /Users/takahiro/.rvm/gems/ruby-2.0.0-p481@walker/gems/actionpack-4.1.8/lib/action_dispatch/middleware/templates/routes/_table.html.erb (3.8ms)
  Rendered /Users/takahiro/.rvm/gems/ruby-2.0.0-p481@walker/gems/actionpack-4.1.8/lib/action_dispatch/middleware/templates/rescues/routing_error.html.erb within rescues/layout (16.3ms)


Started GET "/api/" for 127.0.0.1 at 2014-12-17 17:04:58 +0900

ActionController::RoutingError (No route matches [GET] "/api"):
  actionpack (4.1.8) lib/action_dispatch/middleware/debug_exceptions.rb:21:in `call'
  actionpack (4.1.8) lib/action_dispatch/middleware/show_exceptions.rb:30:in `call'
  railties (4.1.8) lib/rails/rack/logger.rb:38:in `call_app'
  railties (4.1.8) lib/rails/rack/logger.rb:20:in `block in call'
  activesupport (4.1.8) lib/active_support/tagged_logging.rb:68:in `block in tagged'
  activesupport (4.1.8) lib/active_support/tagged_logging.rb:26:in `tagged'
  activesupport (4.1.8) lib/active_support/tagged_logging.rb:68:in `tagged'
  railties (4.1.8) lib/rails/rack/logger.rb:20:in `call'
  actionpack (4.1.8) lib/action_dispatch/middleware/request_id.rb:21:in `call'
  rack (1.5.2) lib/rack/methodoverride.rb:21:in `call'
  rack (1.5.2) lib/rack/runtime.rb:17:in `call'
  activesupport (4.1.8) lib/active_support/cache/strategy/local_cache_middleware.rb:26:in `call'
  rack (1.5.2) lib/rack/lock.rb:17:in `call'
  actionpack (4.1.8) lib/action_dispatch/middleware/static.rb:84:in `call'
  rack (1.5.2) lib/rack/sendfile.rb:112:in `call'
  railties (4.1.8) lib/rails/engine.rb:514:in `call'
  railties (4.1.8) lib/rails/application.rb:144:in `call'
  rack (1.5.2) lib/rack/lock.rb:17:in `call'
  rack (1.5.2) lib/rack/content_length.rb:14:in `call'
  rack (1.5.2) lib/rack/handler/webrick.rb:60:in `service'
  /Users/takahiro/.rvm/rubies/ruby-2.0.0-p481/lib/ruby/2.0.0/webrick/httpserver.rb:138:in `service'
  /Users/takahiro/.rvm/rubies/ruby-2.0.0-p481/lib/ruby/2.0.0/webrick/httpserver.rb:94:in `run'
  /Users/takahiro/.rvm/rubies/ruby-2.0.0-p481/lib/ruby/2.0.0/webrick/server.rb:295:in `block in start_thread'


  Rendered /Users/takahiro/.rvm/gems/ruby-2.0.0-p481@walker/gems/actionpack-4.1.8/lib/action_dispatch/middleware/templates/rescues/_trace.html.erb (0.9ms)
  Rendered /Users/takahiro/.rvm/gems/ruby-2.0.0-p481@walker/gems/actionpack-4.1.8/lib/action_dispatch/middleware/templates/routes/_table.html.erb (1.1ms)
  Rendered /Users/takahiro/.rvm/gems/ruby-2.0.0-p481@walker/gems/actionpack-4.1.8/lib/action_dispatch/middleware/templates/rescues/routing_error.html.erb within rescues/layout (10.2ms)


Started GET "/apis/" for 127.0.0.1 at 2014-12-17 17:05:07 +0900

ActionController::RoutingError (No route matches [GET] "/apis"):
  actionpack (4.1.8) lib/action_dispatch/middleware/debug_exceptions.rb:21:in `call'
  actionpack (4.1.8) lib/action_dispatch/middleware/show_exceptions.rb:30:in `call'
  railties (4.1.8) lib/rails/rack/logger.rb:38:in `call_app'
  railties (4.1.8) lib/rails/rack/logger.rb:20:in `block in call'
  activesupport (4.1.8) lib/active_support/tagged_logging.rb:68:in `block in tagged'
  activesupport (4.1.8) lib/active_support/tagged_logging.rb:26:in `tagged'
  activesupport (4.1.8) lib/active_support/tagged_logging.rb:68:in `tagged'
  railties (4.1.8) lib/rails/rack/logger.rb:20:in `call'
  actionpack (4.1.8) lib/action_dispatch/middleware/request_id.rb:21:in `call'
  rack (1.5.2) lib/rack/methodoverride.rb:21:in `call'
  rack (1.5.2) lib/rack/runtime.rb:17:in `call'
  activesupport (4.1.8) lib/active_support/cache/strategy/local_cache_middleware.rb:26:in `call'
  rack (1.5.2) lib/rack/lock.rb:17:in `call'
  actionpack (4.1.8) lib/action_dispatch/middleware/static.rb:84:in `call'
  rack (1.5.2) lib/rack/sendfile.rb:112:in `call'
  railties (4.1.8) lib/rails/engine.rb:514:in `call'
  railties (4.1.8) lib/rails/application.rb:144:in `call'
  rack (1.5.2) lib/rack/lock.rb:17:in `call'
  rack (1.5.2) lib/rack/content_length.rb:14:in `call'
  rack (1.5.2) lib/rack/handler/webrick.rb:60:in `service'
  /Users/takahiro/.rvm/rubies/ruby-2.0.0-p481/lib/ruby/2.0.0/webrick/httpserver.rb:138:in `service'
  /Users/takahiro/.rvm/rubies/ruby-2.0.0-p481/lib/ruby/2.0.0/webrick/httpserver.rb:94:in `run'
  /Users/takahiro/.rvm/rubies/ruby-2.0.0-p481/lib/ruby/2.0.0/webrick/server.rb:295:in `block in start_thread'


  Rendered /Users/takahiro/.rvm/gems/ruby-2.0.0-p481@walker/gems/actionpack-4.1.8/lib/action_dispatch/middleware/templates/rescues/_trace.html.erb (1.0ms)
  Rendered /Users/takahiro/.rvm/gems/ruby-2.0.0-p481@walker/gems/actionpack-4.1.8/lib/action_dispatch/middleware/templates/routes/_table.html.erb (1.3ms)
  Rendered /Users/takahiro/.rvm/gems/ruby-2.0.0-p481@walker/gems/actionpack-4.1.8/lib/action_dispatch/middleware/templates/rescues/routing_error.html.erb within rescues/layout (11.1ms)


Started GET "/apis/" for 127.0.0.1 at 2014-12-17 17:05:11 +0900

ActionController::RoutingError (No route matches [GET] "/apis"):
  actionpack (4.1.8) lib/action_dispatch/middleware/debug_exceptions.rb:21:in `call'
  actionpack (4.1.8) lib/action_dispatch/middleware/show_exceptions.rb:30:in `call'
  railties (4.1.8) lib/rails/rack/logger.rb:38:in `call_app'
  railties (4.1.8) lib/rails/rack/logger.rb:20:in `block in call'
  activesupport (4.1.8) lib/active_support/tagged_logging.rb:68:in `block in tagged'
  activesupport (4.1.8) lib/active_support/tagged_logging.rb:26:in `tagged'
  activesupport (4.1.8) lib/active_support/tagged_logging.rb:68:in `tagged'
  railties (4.1.8) lib/rails/rack/logger.rb:20:in `call'
  actionpack (4.1.8) lib/action_dispatch/middleware/request_id.rb:21:in `call'
  rack (1.5.2) lib/rack/methodoverride.rb:21:in `call'
  rack (1.5.2) lib/rack/runtime.rb:17:in `call'
  activesupport (4.1.8) lib/active_support/cache/strategy/local_cache_middleware.rb:26:in `call'
  rack (1.5.2) lib/rack/lock.rb:17:in `call'
  actionpack (4.1.8) lib/action_dispatch/middleware/static.rb:84:in `call'
  rack (1.5.2) lib/rack/sendfile.rb:112:in `call'
  railties (4.1.8) lib/rails/engine.rb:514:in `call'
  railties (4.1.8) lib/rails/application.rb:144:in `call'
  rack (1.5.2) lib/rack/lock.rb:17:in `call'
  rack (1.5.2) lib/rack/content_length.rb:14:in `call'
  rack (1.5.2) lib/rack/handler/webrick.rb:60:in `service'
  /Users/takahiro/.rvm/rubies/ruby-2.0.0-p481/lib/ruby/2.0.0/webrick/httpserver.rb:138:in `service'
  /Users/takahiro/.rvm/rubies/ruby-2.0.0-p481/lib/ruby/2.0.0/webrick/httpserver.rb:94:in `run'
  /Users/takahiro/.rvm/rubies/ruby-2.0.0-p481/lib/ruby/2.0.0/webrick/server.rb:295:in `block in start_thread'


  Rendered /Users/takahiro/.rvm/gems/ruby-2.0.0-p481@walker/gems/actionpack-4.1.8/lib/action_dispatch/middleware/templates/rescues/_trace.html.erb (0.9ms)
  Rendered /Users/takahiro/.rvm/gems/ruby-2.0.0-p481@walker/gems/actionpack-4.1.8/lib/action_dispatch/middleware/templates/routes/_table.html.erb (0.9ms)
  Rendered /Users/takahiro/.rvm/gems/ruby-2.0.0-p481@walker/gems/actionpack-4.1.8/lib/action_dispatch/middleware/templates/rescues/routing_error.html.erb within rescues/layout (9.2ms)


Started GET "/apis" for 127.0.0.1 at 2014-12-17 17:05:11 +0900

ActionController::RoutingError (No route matches [GET] "/apis"):
  actionpack (4.1.8) lib/action_dispatch/middleware/debug_exceptions.rb:21:in `call'
  actionpack (4.1.8) lib/action_dispatch/middleware/show_exceptions.rb:30:in `call'
  railties (4.1.8) lib/rails/rack/logger.rb:38:in `call_app'
  railties (4.1.8) lib/rails/rack/logger.rb:20:in `block in call'
  activesupport (4.1.8) lib/active_support/tagged_logging.rb:68:in `block in tagged'
  activesupport (4.1.8) lib/active_support/tagged_logging.rb:26:in `tagged'
  activesupport (4.1.8) lib/active_support/tagged_logging.rb:68:in `tagged'
  railties (4.1.8) lib/rails/rack/logger.rb:20:in `call'
  actionpack (4.1.8) lib/action_dispatch/middleware/request_id.rb:21:in `call'
  rack (1.5.2) lib/rack/methodoverride.rb:21:in `call'
  rack (1.5.2) lib/rack/runtime.rb:17:in `call'
  activesupport (4.1.8) lib/active_support/cache/strategy/local_cache_middleware.rb:26:in `call'
  rack (1.5.2) lib/rack/lock.rb:17:in `call'
  actionpack (4.1.8) lib/action_dispatch/middleware/static.rb:84:in `call'
  rack (1.5.2) lib/rack/sendfile.rb:112:in `call'
  railties (4.1.8) lib/rails/engine.rb:514:in `call'
  railties (4.1.8) lib/rails/application.rb:144:in `call'
  rack (1.5.2) lib/rack/lock.rb:17:in `call'
  rack (1.5.2) lib/rack/content_length.rb:14:in `call'
  rack (1.5.2) lib/rack/handler/webrick.rb:60:in `service'
  /Users/takahiro/.rvm/rubies/ruby-2.0.0-p481/lib/ruby/2.0.0/webrick/httpserver.rb:138:in `service'
  /Users/takahiro/.rvm/rubies/ruby-2.0.0-p481/lib/ruby/2.0.0/webrick/httpserver.rb:94:in `run'
  /Users/takahiro/.rvm/rubies/ruby-2.0.0-p481/lib/ruby/2.0.0/webrick/server.rb:295:in `block in start_thread'


  Rendered /Users/takahiro/.rvm/gems/ruby-2.0.0-p481@walker/gems/actionpack-4.1.8/lib/action_dispatch/middleware/templates/rescues/_trace.html.erb (0.7ms)
  Rendered /Users/takahiro/.rvm/gems/ruby-2.0.0-p481@walker/gems/actionpack-4.1.8/lib/action_dispatch/middleware/templates/routes/_table.html.erb (0.8ms)
  Rendered /Users/takahiro/.rvm/gems/ruby-2.0.0-p481@walker/gems/actionpack-4.1.8/lib/action_dispatch/middleware/templates/rescues/routing_error.html.erb within rescues/layout (8.4ms)


Started GET "/apis/" for 127.0.0.1 at 2014-12-17 17:06:20 +0900

ActionController::RoutingError (No route matches [GET] "/apis"):
  actionpack (4.1.8) lib/action_dispatch/middleware/debug_exceptions.rb:21:in `call'
  actionpack (4.1.8) lib/action_dispatch/middleware/show_exceptions.rb:30:in `call'
  railties (4.1.8) lib/rails/rack/logger.rb:38:in `call_app'
  railties (4.1.8) lib/rails/rack/logger.rb:20:in `block in call'
  activesupport (4.1.8) lib/active_support/tagged_logging.rb:68:in `block in tagged'
  activesupport (4.1.8) lib/active_support/tagged_logging.rb:26:in `tagged'
  activesupport (4.1.8) lib/active_support/tagged_logging.rb:68:in `tagged'
  railties (4.1.8) lib/rails/rack/logger.rb:20:in `call'
  actionpack (4.1.8) lib/action_dispatch/middleware/request_id.rb:21:in `call'
  rack (1.5.2) lib/rack/methodoverride.rb:21:in `call'
  rack (1.5.2) lib/rack/runtime.rb:17:in `call'
  activesupport (4.1.8) lib/active_support/cache/strategy/local_cache_middleware.rb:26:in `call'
  rack (1.5.2) lib/rack/lock.rb:17:in `call'
  actionpack (4.1.8) lib/action_dispatch/middleware/static.rb:84:in `call'
  rack (1.5.2) lib/rack/sendfile.rb:112:in `call'
  railties (4.1.8) lib/rails/engine.rb:514:in `call'
  railties (4.1.8) lib/rails/application.rb:144:in `call'
  rack (1.5.2) lib/rack/lock.rb:17:in `call'
  rack (1.5.2) lib/rack/content_length.rb:14:in `call'
  rack (1.5.2) lib/rack/handler/webrick.rb:60:in `service'
  /Users/takahiro/.rvm/rubies/ruby-2.0.0-p481/lib/ruby/2.0.0/webrick/httpserver.rb:138:in `service'
  /Users/takahiro/.rvm/rubies/ruby-2.0.0-p481/lib/ruby/2.0.0/webrick/httpserver.rb:94:in `run'
  /Users/takahiro/.rvm/rubies/ruby-2.0.0-p481/lib/ruby/2.0.0/webrick/server.rb:295:in `block in start_thread'


  Rendered /Users/takahiro/.rvm/gems/ruby-2.0.0-p481@walker/gems/actionpack-4.1.8/lib/action_dispatch/middleware/templates/rescues/_trace.html.erb (0.9ms)
  Rendered /Users/takahiro/.rvm/gems/ruby-2.0.0-p481@walker/gems/actionpack-4.1.8/lib/action_dispatch/middleware/templates/routes/_table.html.erb (0.8ms)
  Rendered /Users/takahiro/.rvm/gems/ruby-2.0.0-p481@walker/gems/actionpack-4.1.8/lib/action_dispatch/middleware/templates/rescues/routing_error.html.erb within rescues/layout (9.1ms)


Started GET "/apis/" for 127.0.0.1 at 2014-12-17 17:11:36 +0900

ActionController::RoutingError (No route matches [GET] "/apis"):
  actionpack (4.1.8) lib/action_dispatch/middleware/debug_exceptions.rb:21:in `call'
  actionpack (4.1.8) lib/action_dispatch/middleware/show_exceptions.rb:30:in `call'
  railties (4.1.8) lib/rails/rack/logger.rb:38:in `call_app'
  railties (4.1.8) lib/rails/rack/logger.rb:20:in `block in call'
  activesupport (4.1.8) lib/active_support/tagged_logging.rb:68:in `block in tagged'
  activesupport (4.1.8) lib/active_support/tagged_logging.rb:26:in `tagged'
  activesupport (4.1.8) lib/active_support/tagged_logging.rb:68:in `tagged'
  railties (4.1.8) lib/rails/rack/logger.rb:20:in `call'
  actionpack (4.1.8) lib/action_dispatch/middleware/request_id.rb:21:in `call'
  rack (1.5.2) lib/rack/methodoverride.rb:21:in `call'
  rack (1.5.2) lib/rack/runtime.rb:17:in `call'
  activesupport (4.1.8) lib/active_support/cache/strategy/local_cache_middleware.rb:26:in `call'
  rack (1.5.2) lib/rack/lock.rb:17:in `call'
  actionpack (4.1.8) lib/action_dispatch/middleware/static.rb:84:in `call'
  rack (1.5.2) lib/rack/sendfile.rb:112:in `call'
  railties (4.1.8) lib/rails/engine.rb:514:in `call'
  railties (4.1.8) lib/rails/application.rb:144:in `call'
  rack (1.5.2) lib/rack/lock.rb:17:in `call'
  rack (1.5.2) lib/rack/content_length.rb:14:in `call'
  rack (1.5.2) lib/rack/handler/webrick.rb:60:in `service'
  /Users/takahiro/.rvm/rubies/ruby-2.0.0-p481/lib/ruby/2.0.0/webrick/httpserver.rb:138:in `service'
  /Users/takahiro/.rvm/rubies/ruby-2.0.0-p481/lib/ruby/2.0.0/webrick/httpserver.rb:94:in `run'
  /Users/takahiro/.rvm/rubies/ruby-2.0.0-p481/lib/ruby/2.0.0/webrick/server.rb:295:in `block in start_thread'


  Rendered /Users/takahiro/.rvm/gems/ruby-2.0.0-p481@walker/gems/actionpack-4.1.8/lib/action_dispatch/middleware/templates/rescues/_trace.html.erb (0.7ms)
  Rendered /Users/takahiro/.rvm/gems/ruby-2.0.0-p481@walker/gems/actionpack-4.1.8/lib/action_dispatch/middleware/templates/routes/_route.html.erb (0.7ms)
  Rendered /Users/takahiro/.rvm/gems/ruby-2.0.0-p481@walker/gems/actionpack-4.1.8/lib/action_dispatch/middleware/templates/routes/_table.html.erb (4.1ms)
  Rendered /Users/takahiro/.rvm/gems/ruby-2.0.0-p481@walker/gems/actionpack-4.1.8/lib/action_dispatch/middleware/templates/rescues/routing_error.html.erb within rescues/layout (18.0ms)


Started GET "/api/" for 127.0.0.1 at 2014-12-17 17:11:37 +0900

ActionController::RoutingError (No route matches [GET] "/api"):
  actionpack (4.1.8) lib/action_dispatch/middleware/debug_exceptions.rb:21:in `call'
  actionpack (4.1.8) lib/action_dispatch/middleware/show_exceptions.rb:30:in `call'
  railties (4.1.8) lib/rails/rack/logger.rb:38:in `call_app'
  railties (4.1.8) lib/rails/rack/logger.rb:20:in `block in call'
  activesupport (4.1.8) lib/active_support/tagged_logging.rb:68:in `block in tagged'
  activesupport (4.1.8) lib/active_support/tagged_logging.rb:26:in `tagged'
  activesupport (4.1.8) lib/active_support/tagged_logging.rb:68:in `tagged'
  railties (4.1.8) lib/rails/rack/logger.rb:20:in `call'
  actionpack (4.1.8) lib/action_dispatch/middleware/request_id.rb:21:in `call'
  rack (1.5.2) lib/rack/methodoverride.rb:21:in `call'
  rack (1.5.2) lib/rack/runtime.rb:17:in `call'
  activesupport (4.1.8) lib/active_support/cache/strategy/local_cache_middleware.rb:26:in `call'
  rack (1.5.2) lib/rack/lock.rb:17:in `call'
  actionpack (4.1.8) lib/action_dispatch/middleware/static.rb:84:in `call'
  rack (1.5.2) lib/rack/sendfile.rb:112:in `call'
  railties (4.1.8) lib/rails/engine.rb:514:in `call'
  railties (4.1.8) lib/rails/application.rb:144:in `call'
  rack (1.5.2) lib/rack/lock.rb:17:in `call'
  rack (1.5.2) lib/rack/content_length.rb:14:in `call'
  rack (1.5.2) lib/rack/handler/webrick.rb:60:in `service'
  /Users/takahiro/.rvm/rubies/ruby-2.0.0-p481/lib/ruby/2.0.0/webrick/httpserver.rb:138:in `service'
  /Users/takahiro/.rvm/rubies/ruby-2.0.0-p481/lib/ruby/2.0.0/webrick/httpserver.rb:94:in `run'
  /Users/takahiro/.rvm/rubies/ruby-2.0.0-p481/lib/ruby/2.0.0/webrick/server.rb:295:in `block in start_thread'


  Rendered /Users/takahiro/.rvm/gems/ruby-2.0.0-p481@walker/gems/actionpack-4.1.8/lib/action_dispatch/middleware/templates/rescues/_trace.html.erb (1.0ms)
  Rendered /Users/takahiro/.rvm/gems/ruby-2.0.0-p481@walker/gems/actionpack-4.1.8/lib/action_dispatch/middleware/templates/routes/_route.html.erb (0.6ms)
  Rendered /Users/takahiro/.rvm/gems/ruby-2.0.0-p481@walker/gems/actionpack-4.1.8/lib/action_dispatch/middleware/templates/routes/_table.html.erb (0.8ms)
  Rendered /Users/takahiro/.rvm/gems/ruby-2.0.0-p481@walker/gems/actionpack-4.1.8/lib/action_dispatch/middleware/templates/rescues/routing_error.html.erb within rescues/layout (13.3ms)


Started GET "/api/" for 127.0.0.1 at 2014-12-17 17:11:38 +0900

ActionController::RoutingError (No route matches [GET] "/api"):
  actionpack (4.1.8) lib/action_dispatch/middleware/debug_exceptions.rb:21:in `call'
  actionpack (4.1.8) lib/action_dispatch/middleware/show_exceptions.rb:30:in `call'
  railties (4.1.8) lib/rails/rack/logger.rb:38:in `call_app'
  railties (4.1.8) lib/rails/rack/logger.rb:20:in `block in call'
  activesupport (4.1.8) lib/active_support/tagged_logging.rb:68:in `block in tagged'
  activesupport (4.1.8) lib/active_support/tagged_logging.rb:26:in `tagged'
  activesupport (4.1.8) lib/active_support/tagged_logging.rb:68:in `tagged'
  railties (4.1.8) lib/rails/rack/logger.rb:20:in `call'
  actionpack (4.1.8) lib/action_dispatch/middleware/request_id.rb:21:in `call'
  rack (1.5.2) lib/rack/methodoverride.rb:21:in `call'
  rack (1.5.2) lib/rack/runtime.rb:17:in `call'
  activesupport (4.1.8) lib/active_support/cache/strategy/local_cache_middleware.rb:26:in `call'
  rack (1.5.2) lib/rack/lock.rb:17:in `call'
  actionpack (4.1.8) lib/action_dispatch/middleware/static.rb:84:in `call'
  rack (1.5.2) lib/rack/sendfile.rb:112:in `call'
  railties (4.1.8) lib/rails/engine.rb:514:in `call'
  railties (4.1.8) lib/rails/application.rb:144:in `call'
  rack (1.5.2) lib/rack/lock.rb:17:in `call'
  rack (1.5.2) lib/rack/content_length.rb:14:in `call'
  rack (1.5.2) lib/rack/handler/webrick.rb:60:in `service'
  /Users/takahiro/.rvm/rubies/ruby-2.0.0-p481/lib/ruby/2.0.0/webrick/httpserver.rb:138:in `service'
  /Users/takahiro/.rvm/rubies/ruby-2.0.0-p481/lib/ruby/2.0.0/webrick/httpserver.rb:94:in `run'
  /Users/takahiro/.rvm/rubies/ruby-2.0.0-p481/lib/ruby/2.0.0/webrick/server.rb:295:in `block in start_thread'


  Rendered /Users/takahiro/.rvm/gems/ruby-2.0.0-p481@walker/gems/actionpack-4.1.8/lib/action_dispatch/middleware/templates/rescues/_trace.html.erb (0.9ms)
  Rendered /Users/takahiro/.rvm/gems/ruby-2.0.0-p481@walker/gems/actionpack-4.1.8/lib/action_dispatch/middleware/templates/routes/_route.html.erb (0.5ms)
  Rendered /Users/takahiro/.rvm/gems/ruby-2.0.0-p481@walker/gems/actionpack-4.1.8/lib/action_dispatch/middleware/templates/routes/_table.html.erb (0.8ms)
  Rendered /Users/takahiro/.rvm/gems/ruby-2.0.0-p481@walker/gems/actionpack-4.1.8/lib/action_dispatch/middleware/templates/rescues/routing_error.html.erb within rescues/layout (13.0ms)


Started GET "/api/test_api" for 127.0.0.1 at 2014-12-17 17:11:45 +0900

ActionController::RoutingError (No route matches [GET] "/api/test_api"):
  actionpack (4.1.8) lib/action_dispatch/middleware/debug_exceptions.rb:21:in `call'
  actionpack (4.1.8) lib/action_dispatch/middleware/show_exceptions.rb:30:in `call'
  railties (4.1.8) lib/rails/rack/logger.rb:38:in `call_app'
  railties (4.1.8) lib/rails/rack/logger.rb:20:in `block in call'
  activesupport (4.1.8) lib/active_support/tagged_logging.rb:68:in `block in tagged'
  activesupport (4.1.8) lib/active_support/tagged_logging.rb:26:in `tagged'
  activesupport (4.1.8) lib/active_support/tagged_logging.rb:68:in `tagged'
  railties (4.1.8) lib/rails/rack/logger.rb:20:in `call'
  actionpack (4.1.8) lib/action_dispatch/middleware/request_id.rb:21:in `call'
  rack (1.5.2) lib/rack/methodoverride.rb:21:in `call'
  rack (1.5.2) lib/rack/runtime.rb:17:in `call'
  activesupport (4.1.8) lib/active_support/cache/strategy/local_cache_middleware.rb:26:in `call'
  rack (1.5.2) lib/rack/lock.rb:17:in `call'
  actionpack (4.1.8) lib/action_dispatch/middleware/static.rb:84:in `call'
  rack (1.5.2) lib/rack/sendfile.rb:112:in `call'
  railties (4.1.8) lib/rails/engine.rb:514:in `call'
  railties (4.1.8) lib/rails/application.rb:144:in `call'
  rack (1.5.2) lib/rack/lock.rb:17:in `call'
  rack (1.5.2) lib/rack/content_length.rb:14:in `call'
  rack (1.5.2) lib/rack/handler/webrick.rb:60:in `service'
  /Users/takahiro/.rvm/rubies/ruby-2.0.0-p481/lib/ruby/2.0.0/webrick/httpserver.rb:138:in `service'
  /Users/takahiro/.rvm/rubies/ruby-2.0.0-p481/lib/ruby/2.0.0/webrick/httpserver.rb:94:in `run'
  /Users/takahiro/.rvm/rubies/ruby-2.0.0-p481/lib/ruby/2.0.0/webrick/server.rb:295:in `block in start_thread'


  Rendered /Users/takahiro/.rvm/gems/ruby-2.0.0-p481@walker/gems/actionpack-4.1.8/lib/action_dispatch/middleware/templates/rescues/_trace.html.erb (0.8ms)
  Rendered /Users/takahiro/.rvm/gems/ruby-2.0.0-p481@walker/gems/actionpack-4.1.8/lib/action_dispatch/middleware/templates/routes/_route.html.erb (0.8ms)
  Rendered /Users/takahiro/.rvm/gems/ruby-2.0.0-p481@walker/gems/actionpack-4.1.8/lib/action_dispatch/middleware/templates/routes/_table.html.erb (0.9ms)
  Rendered /Users/takahiro/.rvm/gems/ruby-2.0.0-p481@walker/gems/actionpack-4.1.8/lib/action_dispatch/middleware/templates/rescues/routing_error.html.erb within rescues/layout (14.2ms)


Started GET "/api/test_api" for 127.0.0.1 at 2014-12-17 17:12:05 +0900

ActionController::RoutingError (No route matches [GET] "/api/test_api"):
  actionpack (4.1.8) lib/action_dispatch/middleware/debug_exceptions.rb:21:in `call'
  actionpack (4.1.8) lib/action_dispatch/middleware/show_exceptions.rb:30:in `call'
  railties (4.1.8) lib/rails/rack/logger.rb:38:in `call_app'
  railties (4.1.8) lib/rails/rack/logger.rb:20:in `block in call'
  activesupport (4.1.8) lib/active_support/tagged_logging.rb:68:in `block in tagged'
  activesupport (4.1.8) lib/active_support/tagged_logging.rb:26:in `tagged'
  activesupport (4.1.8) lib/active_support/tagged_logging.rb:68:in `tagged'
  railties (4.1.8) lib/rails/rack/logger.rb:20:in `call'
  actionpack (4.1.8) lib/action_dispatch/middleware/request_id.rb:21:in `call'
  rack (1.5.2) lib/rack/methodoverride.rb:21:in `call'
  rack (1.5.2) lib/rack/runtime.rb:17:in `call'
  activesupport (4.1.8) lib/active_support/cache/strategy/local_cache_middleware.rb:26:in `call'
  rack (1.5.2) lib/rack/lock.rb:17:in `call'
  actionpack (4.1.8) lib/action_dispatch/middleware/static.rb:84:in `call'
  rack (1.5.2) lib/rack/sendfile.rb:112:in `call'
  railties (4.1.8) lib/rails/engine.rb:514:in `call'
  railties (4.1.8) lib/rails/application.rb:144:in `call'
  rack (1.5.2) lib/rack/lock.rb:17:in `call'
  rack (1.5.2) lib/rack/content_length.rb:14:in `call'
  rack (1.5.2) lib/rack/handler/webrick.rb:60:in `service'
  /Users/takahiro/.rvm/rubies/ruby-2.0.0-p481/lib/ruby/2.0.0/webrick/httpserver.rb:138:in `service'
  /Users/takahiro/.rvm/rubies/ruby-2.0.0-p481/lib/ruby/2.0.0/webrick/httpserver.rb:94:in `run'
  /Users/takahiro/.rvm/rubies/ruby-2.0.0-p481/lib/ruby/2.0.0/webrick/server.rb:295:in `block in start_thread'


  Rendered /Users/takahiro/.rvm/gems/ruby-2.0.0-p481@walker/gems/actionpack-4.1.8/lib/action_dispatch/middleware/templates/rescues/_trace.html.erb (1.4ms)
  Rendered /Users/takahiro/.rvm/gems/ruby-2.0.0-p481@walker/gems/actionpack-4.1.8/lib/action_dispatch/middleware/templates/routes/_route.html.erb (0.6ms)
  Rendered /Users/takahiro/.rvm/gems/ruby-2.0.0-p481@walker/gems/actionpack-4.1.8/lib/action_dispatch/middleware/templates/routes/_table.html.erb (1.1ms)
  Rendered /Users/takahiro/.rvm/gems/ruby-2.0.0-p481@walker/gems/actionpack-4.1.8/lib/action_dispatch/middleware/templates/rescues/routing_error.html.erb within rescues/layout (16.0ms)


Started GET "/api/test" for 127.0.0.1 at 2014-12-17 17:12:06 +0900
Processing by ApiController#test_api as HTML
Completed 500 Internal Server Error in 8ms

RuntimeError (test):
  app/controllers/api_controller.rb:3:in `test_api'


  Rendered /Users/takahiro/.rvm/gems/ruby-2.0.0-p481@walker/gems/actionpack-4.1.8/lib/action_dispatch/middleware/templates/rescues/_source.erb (0.7ms)
  Rendered /Users/takahiro/.rvm/gems/ruby-2.0.0-p481@walker/gems/actionpack-4.1.8/lib/action_dispatch/middleware/templates/rescues/_trace.html.erb (0.9ms)
  Rendered /Users/takahiro/.rvm/gems/ruby-2.0.0-p481@walker/gems/actionpack-4.1.8/lib/action_dispatch/middleware/templates/rescues/_request_and_response.html.erb (0.7ms)
  Rendered /Users/takahiro/.rvm/gems/ruby-2.0.0-p481@walker/gems/actionpack-4.1.8/lib/action_dispatch/middleware/templates/rescues/diagnostics.erb within rescues/layout (14.1ms)


Started GET "/api/test" for 127.0.0.1 at 2014-12-17 17:15:01 +0900
Processing by ApiController#test_api as HTML
Completed 200 OK in 8ms (Views: 0.2ms | ActiveRecord: 0.0ms)


Started GET "/api/test" for 127.0.0.1 at 2014-12-17 17:17:49 +0900
Processing by ApiController#test_api as HTML
Completed 500 Internal Server Error in 8ms

NameError (undefined local variable or method `param' for #<ApiController:0x007f8005c51cc8>):
  app/controllers/api_controller.rb:3:in `test_api'


  Rendered /Users/takahiro/.rvm/gems/ruby-2.0.0-p481@walker/gems/actionpack-4.1.8/lib/action_dispatch/middleware/templates/rescues/_source.erb (0.6ms)
  Rendered /Users/takahiro/.rvm/gems/ruby-2.0.0-p481@walker/gems/actionpack-4.1.8/lib/action_dispatch/middleware/templates/rescues/_trace.html.erb (1.7ms)
  Rendered /Users/takahiro/.rvm/gems/ruby-2.0.0-p481@walker/gems/actionpack-4.1.8/lib/action_dispatch/middleware/templates/rescues/_request_and_response.html.erb (0.8ms)
  Rendered /Users/takahiro/.rvm/gems/ruby-2.0.0-p481@walker/gems/actionpack-4.1.8/lib/action_dispatch/middleware/templates/rescues/diagnostics.erb within rescues/layout (15.7ms)


Started GET "/api/test" for 127.0.0.1 at 2014-12-17 17:18:10 +0900
Processing by ApiController#test_api as HTML
Completed 200 OK in 8ms (Views: 0.3ms | ActiveRecord: 0.0ms)


Started GET "/api/test" for 127.0.0.1 at 2014-12-17 17:18:24 +0900
Processing by ApiController#test_api as HTML
Completed 200 OK in 0ms (Views: 0.1ms | ActiveRecord: 0.0ms)


Started GET "/api/test?userid=100" for 127.0.0.1 at 2014-12-17 17:18:33 +0900
Processing by ApiController#test_api as HTML
  Parameters: {"userid"=>"100"}
Completed 200 OK in 1ms (Views: 0.1ms | ActiveRecord: 0.0ms)


Started GET "/api/test?userid=100" for 127.0.0.1 at 2014-12-17 17:19:11 +0900
Processing by ApiController#test_api as HTML
  Parameters: {"userid"=>"100"}
Completed 200 OK in 7ms (Views: 0.2ms | ActiveRecord: 0.0ms)


Started GET "/api/test?userid=100" for 127.0.0.1 at 2014-12-17 17:20:51 +0900
Processing by ApiController#test_api as HTML
  Parameters: {"userid"=>"100"}
Completed 200 OK in 7ms (Views: 0.2ms | ActiveRecord: 0.0ms)


Started GET "/api/test?userid=100&userpass=aaabbbb" for 127.0.0.1 at 2014-12-17 17:21:05 +0900
Processing by ApiController#test_api as HTML
  Parameters: {"userid"=>"100", "userpass"=>"aaabbbb"}
Completed 200 OK in 1ms (Views: 0.1ms | ActiveRecord: 0.0ms)


Started GET "/api/test?userid=100&userpass=aaabbbb" for 127.0.0.1 at 2014-12-17 17:31:57 +0900
Processing by ApiController#test_api as HTML
  Parameters: {"userid"=>"100", "userpass"=>"aaabbbb"}
Completed 200 OK in 7ms (Views: 0.2ms | ActiveRecord: 0.0ms)


Started GET "/api/test?userid=100&userpass=aaabbbb" for 127.0.0.1 at 2014-12-17 17:31:58 +0900
Processing by ApiController#test_api as HTML
  Parameters: {"userid"=>"100", "userpass"=>"aaabbbb"}
Completed 200 OK in 1ms (Views: 0.2ms | ActiveRecord: 0.0ms)


Started GET "/api/test?userid=100&userpass=aaabbbb" for 127.0.0.1 at 2014-12-17 17:31:59 +0900
Processing by ApiController#test_api as HTML
  Parameters: {"userid"=>"100", "userpass"=>"aaabbbb"}
Completed 200 OK in 0ms (Views: 0.2ms | ActiveRecord: 0.0ms)


Started GET "/api/" for 127.0.0.1 at 2014-12-17 17:32:00 +0900

ActionController::RoutingError (No route matches [GET] "/api"):
  actionpack (4.1.8) lib/action_dispatch/middleware/debug_exceptions.rb:21:in `call'
  actionpack (4.1.8) lib/action_dispatch/middleware/show_exceptions.rb:30:in `call'
  railties (4.1.8) lib/rails/rack/logger.rb:38:in `call_app'
  railties (4.1.8) lib/rails/rack/logger.rb:20:in `block in call'
  activesupport (4.1.8) lib/active_support/tagged_logging.rb:68:in `block in tagged'
  activesupport (4.1.8) lib/active_support/tagged_logging.rb:26:in `tagged'
  activesupport (4.1.8) lib/active_support/tagged_logging.rb:68:in `tagged'
  railties (4.1.8) lib/rails/rack/logger.rb:20:in `call'
  actionpack (4.1.8) lib/action_dispatch/middleware/request_id.rb:21:in `call'
  rack (1.5.2) lib/rack/methodoverride.rb:21:in `call'
  rack (1.5.2) lib/rack/runtime.rb:17:in `call'
  activesupport (4.1.8) lib/active_support/cache/strategy/local_cache_middleware.rb:26:in `call'
  rack (1.5.2) lib/rack/lock.rb:17:in `call'
  actionpack (4.1.8) lib/action_dispatch/middleware/static.rb:84:in `call'
  rack (1.5.2) lib/rack/sendfile.rb:112:in `call'
  railties (4.1.8) lib/rails/engine.rb:514:in `call'
  railties (4.1.8) lib/rails/application.rb:144:in `call'
  rack (1.5.2) lib/rack/lock.rb:17:in `call'
  rack (1.5.2) lib/rack/content_length.rb:14:in `call'
  rack (1.5.2) lib/rack/handler/webrick.rb:60:in `service'
  /Users/takahiro/.rvm/rubies/ruby-2.0.0-p481/lib/ruby/2.0.0/webrick/httpserver.rb:138:in `service'
  /Users/takahiro/.rvm/rubies/ruby-2.0.0-p481/lib/ruby/2.0.0/webrick/httpserver.rb:94:in `run'
  /Users/takahiro/.rvm/rubies/ruby-2.0.0-p481/lib/ruby/2.0.0/webrick/server.rb:295:in `block in start_thread'


  Rendered /Users/takahiro/.rvm/gems/ruby-2.0.0-p481@walker/gems/actionpack-4.1.8/lib/action_dispatch/middleware/templates/rescues/_trace.html.erb (0.8ms)
  Rendered /Users/takahiro/.rvm/gems/ruby-2.0.0-p481@walker/gems/actionpack-4.1.8/lib/action_dispatch/middleware/templates/routes/_route.html.erb (0.6ms)
  Rendered /Users/takahiro/.rvm/gems/ruby-2.0.0-p481@walker/gems/actionpack-4.1.8/lib/action_dispatch/middleware/templates/routes/_table.html.erb (3.9ms)
  Rendered /Users/takahiro/.rvm/gems/ruby-2.0.0-p481@walker/gems/actionpack-4.1.8/lib/action_dispatch/middleware/templates/rescues/routing_error.html.erb within rescues/layout (18.3ms)


Started GET "/api/" for 127.0.0.1 at 2014-12-17 17:32:01 +0900

ActionController::RoutingError (No route matches [GET] "/api"):
  actionpack (4.1.8) lib/action_dispatch/middleware/debug_exceptions.rb:21:in `call'
  actionpack (4.1.8) lib/action_dispatch/middleware/show_exceptions.rb:30:in `call'
  railties (4.1.8) lib/rails/rack/logger.rb:38:in `call_app'
  railties (4.1.8) lib/rails/rack/logger.rb:20:in `block in call'
  activesupport (4.1.8) lib/active_support/tagged_logging.rb:68:in `block in tagged'
  activesupport (4.1.8) lib/active_support/tagged_logging.rb:26:in `tagged'
  activesupport (4.1.8) lib/active_support/tagged_logging.rb:68:in `tagged'
  railties (4.1.8) lib/rails/rack/logger.rb:20:in `call'
  actionpack (4.1.8) lib/action_dispatch/middleware/request_id.rb:21:in `call'
  rack (1.5.2) lib/rack/methodoverride.rb:21:in `call'
  rack (1.5.2) lib/rack/runtime.rb:17:in `call'
  activesupport (4.1.8) lib/active_support/cache/strategy/local_cache_middleware.rb:26:in `call'
  rack (1.5.2) lib/rack/lock.rb:17:in `call'
  actionpack (4.1.8) lib/action_dispatch/middleware/static.rb:84:in `call'
  rack (1.5.2) lib/rack/sendfile.rb:112:in `call'
  railties (4.1.8) lib/rails/engine.rb:514:in `call'
  railties (4.1.8) lib/rails/application.rb:144:in `call'
  rack (1.5.2) lib/rack/lock.rb:17:in `call'
  rack (1.5.2) lib/rack/content_length.rb:14:in `call'
  rack (1.5.2) lib/rack/handler/webrick.rb:60:in `service'
  /Users/takahiro/.rvm/rubies/ruby-2.0.0-p481/lib/ruby/2.0.0/webrick/httpserver.rb:138:in `service'
  /Users/takahiro/.rvm/rubies/ruby-2.0.0-p481/lib/ruby/2.0.0/webrick/httpserver.rb:94:in `run'
  /Users/takahiro/.rvm/rubies/ruby-2.0.0-p481/lib/ruby/2.0.0/webrick/server.rb:295:in `block in start_thread'


  Rendered /Users/takahiro/.rvm/gems/ruby-2.0.0-p481@walker/gems/actionpack-4.1.8/lib/action_dispatch/middleware/templates/rescues/_trace.html.erb (2.1ms)
  Rendered /Users/takahiro/.rvm/gems/ruby-2.0.0-p481@walker/gems/actionpack-4.1.8/lib/action_dispatch/middleware/templates/routes/_route.html.erb (0.7ms)
  Rendered /Users/takahiro/.rvm/gems/ruby-2.0.0-p481@walker/gems/actionpack-4.1.8/lib/action_dispatch/middleware/templates/routes/_table.html.erb (0.8ms)
  Rendered /Users/takahiro/.rvm/gems/ruby-2.0.0-p481@walker/gems/actionpack-4.1.8/lib/action_dispatch/middleware/templates/rescues/routing_error.html.erb within rescues/layout (15.7ms)


Started GET "/api/mi" for 127.0.0.1 at 2014-12-17 17:32:02 +0900

ActionController::RoutingError (No route matches [GET] "/api/mi"):
  actionpack (4.1.8) lib/action_dispatch/middleware/debug_exceptions.rb:21:in `call'
  actionpack (4.1.8) lib/action_dispatch/middleware/show_exceptions.rb:30:in `call'
  railties (4.1.8) lib/rails/rack/logger.rb:38:in `call_app'
  railties (4.1.8) lib/rails/rack/logger.rb:20:in `block in call'
  activesupport (4.1.8) lib/active_support/tagged_logging.rb:68:in `block in tagged'
  activesupport (4.1.8) lib/active_support/tagged_logging.rb:26:in `tagged'
  activesupport (4.1.8) lib/active_support/tagged_logging.rb:68:in `tagged'
  railties (4.1.8) lib/rails/rack/logger.rb:20:in `call'
  actionpack (4.1.8) lib/action_dispatch/middleware/request_id.rb:21:in `call'
  rack (1.5.2) lib/rack/methodoverride.rb:21:in `call'
  rack (1.5.2) lib/rack/runtime.rb:17:in `call'
  activesupport (4.1.8) lib/active_support/cache/strategy/local_cache_middleware.rb:26:in `call'
  rack (1.5.2) lib/rack/lock.rb:17:in `call'
  actionpack (4.1.8) lib/action_dispatch/middleware/static.rb:84:in `call'
  rack (1.5.2) lib/rack/sendfile.rb:112:in `call'
  railties (4.1.8) lib/rails/engine.rb:514:in `call'
  railties (4.1.8) lib/rails/application.rb:144:in `call'
  rack (1.5.2) lib/rack/lock.rb:17:in `call'
  rack (1.5.2) lib/rack/content_length.rb:14:in `call'
  rack (1.5.2) lib/rack/handler/webrick.rb:60:in `service'
  /Users/takahiro/.rvm/rubies/ruby-2.0.0-p481/lib/ruby/2.0.0/webrick/httpserver.rb:138:in `service'
  /Users/takahiro/.rvm/rubies/ruby-2.0.0-p481/lib/ruby/2.0.0/webrick/httpserver.rb:94:in `run'
  /Users/takahiro/.rvm/rubies/ruby-2.0.0-p481/lib/ruby/2.0.0/webrick/server.rb:295:in `block in start_thread'


  Rendered /Users/takahiro/.rvm/gems/ruby-2.0.0-p481@walker/gems/actionpack-4.1.8/lib/action_dispatch/middleware/templates/rescues/_trace.html.erb (0.9ms)
  Rendered /Users/takahiro/.rvm/gems/ruby-2.0.0-p481@walker/gems/actionpack-4.1.8/lib/action_dispatch/middleware/templates/routes/_route.html.erb (0.7ms)
  Rendered /Users/takahiro/.rvm/gems/ruby-2.0.0-p481@walker/gems/actionpack-4.1.8/lib/action_dispatch/middleware/templates/routes/_table.html.erb (1.0ms)
  Rendered /Users/takahiro/.rvm/gems/ruby-2.0.0-p481@walker/gems/actionpack-4.1.8/lib/action_dispatch/middleware/templates/rescues/routing_error.html.erb within rescues/layout (16.0ms)


Started GET "/api/bmi" for 127.0.0.1 at 2014-12-17 17:32:09 +0900

AbstractController::ActionNotFound (The action 'calc_bmi' could not be found for ApiController):
  actionpack (4.1.8) lib/abstract_controller/base.rb:131:in `process'
  actionview (4.1.8) lib/action_view/rendering.rb:30:in `process'
  actionpack (4.1.8) lib/action_controller/metal.rb:196:in `dispatch'
  actionpack (4.1.8) lib/action_controller/metal/rack_delegation.rb:13:in `dispatch'
  actionpack (4.1.8) lib/action_controller/metal.rb:232:in `block in action'
  actionpack (4.1.8) lib/action_dispatch/routing/route_set.rb:82:in `call'
  actionpack (4.1.8) lib/action_dispatch/routing/route_set.rb:82:in `dispatch'
  actionpack (4.1.8) lib/action_dispatch/routing/route_set.rb:50:in `call'
  actionpack (4.1.8) lib/action_dispatch/journey/router.rb:73:in `block in call'
  actionpack (4.1.8) lib/action_dispatch/journey/router.rb:59:in `each'
  actionpack (4.1.8) lib/action_dispatch/journey/router.rb:59:in `call'
  actionpack (4.1.8) lib/action_dispatch/routing/route_set.rb:678:in `call'
  rack (1.5.2) lib/rack/etag.rb:23:in `call'
  rack (1.5.2) lib/rack/conditionalget.rb:25:in `call'
  rack (1.5.2) lib/rack/head.rb:11:in `call'
  actionpack (4.1.8) lib/action_dispatch/middleware/params_parser.rb:27:in `call'
  actionpack (4.1.8) lib/action_dispatch/middleware/flash.rb:254:in `call'
  rack (1.5.2) lib/rack/session/abstract/id.rb:225:in `context'
  rack (1.5.2) lib/rack/session/abstract/id.rb:220:in `call'
  actionpack (4.1.8) lib/action_dispatch/middleware/cookies.rb:560:in `call'
  activerecord (4.1.8) lib/active_record/query_cache.rb:36:in `call'
  activerecord (4.1.8) lib/active_record/connection_adapters/abstract/connection_pool.rb:621:in `call'
  activerecord (4.1.8) lib/active_record/migration.rb:380:in `call'
  actionpack (4.1.8) lib/action_dispatch/middleware/callbacks.rb:29:in `block in call'
  activesupport (4.1.8) lib/active_support/callbacks.rb:82:in `run_callbacks'
  actionpack (4.1.8) lib/action_dispatch/middleware/callbacks.rb:27:in `call'
  actionpack (4.1.8) lib/action_dispatch/middleware/reloader.rb:73:in `call'
  actionpack (4.1.8) lib/action_dispatch/middleware/remote_ip.rb:76:in `call'
  actionpack (4.1.8) lib/action_dispatch/middleware/debug_exceptions.rb:17:in `call'
  actionpack (4.1.8) lib/action_dispatch/middleware/show_exceptions.rb:30:in `call'
  railties (4.1.8) lib/rails/rack/logger.rb:38:in `call_app'
  railties (4.1.8) lib/rails/rack/logger.rb:20:in `block in call'
  activesupport (4.1.8) lib/active_support/tagged_logging.rb:68:in `block in tagged'
  activesupport (4.1.8) lib/active_support/tagged_logging.rb:26:in `tagged'
  activesupport (4.1.8) lib/active_support/tagged_logging.rb:68:in `tagged'
  railties (4.1.8) lib/rails/rack/logger.rb:20:in `call'
  actionpack (4.1.8) lib/action_dispatch/middleware/request_id.rb:21:in `call'
  rack (1.5.2) lib/rack/methodoverride.rb:21:in `call'
  rack (1.5.2) lib/rack/runtime.rb:17:in `call'
  activesupport (4.1.8) lib/active_support/cache/strategy/local_cache_middleware.rb:26:in `call'
  rack (1.5.2) lib/rack/lock.rb:17:in `call'
  actionpack (4.1.8) lib/action_dispatch/middleware/static.rb:84:in `call'
  rack (1.5.2) lib/rack/sendfile.rb:112:in `call'
  railties (4.1.8) lib/rails/engine.rb:514:in `call'
  railties (4.1.8) lib/rails/application.rb:144:in `call'
  rack (1.5.2) lib/rack/lock.rb:17:in `call'
  rack (1.5.2) lib/rack/content_length.rb:14:in `call'
  rack (1.5.2) lib/rack/handler/webrick.rb:60:in `service'
  /Users/takahiro/.rvm/rubies/ruby-2.0.0-p481/lib/ruby/2.0.0/webrick/httpserver.rb:138:in `service'
  /Users/takahiro/.rvm/rubies/ruby-2.0.0-p481/lib/ruby/2.0.0/webrick/httpserver.rb:94:in `run'
  /Users/takahiro/.rvm/rubies/ruby-2.0.0-p481/lib/ruby/2.0.0/webrick/server.rb:295:in `block in start_thread'


  Rendered /Users/takahiro/.rvm/gems/ruby-2.0.0-p481@walker/gems/actionpack-4.1.8/lib/action_dispatch/middleware/templates/rescues/unknown_action.html.erb within rescues/layout (0.4ms)


Started GET "/api/bmi" for 127.0.0.1 at 2014-12-17 17:33:20 +0900
Processing by ApiController#calc_bmi as HTML
Completed 200 OK in 9ms (Views: 0.2ms | ActiveRecord: 0.0ms)


Started GET "/api/bmi?height=200" for 127.0.0.1 at 2014-12-17 17:33:34 +0900
Processing by ApiController#calc_bmi as HTML
  Parameters: {"height"=>"200"}
Completed 200 OK in 1ms (Views: 0.1ms | ActiveRecord: 0.0ms)


Started GET "/api/bmi?height=200&weight=80" for 127.0.0.1 at 2014-12-17 17:33:44 +0900
Processing by ApiController#calc_bmi as HTML
  Parameters: {"height"=>"200", "weight"=>"80"}
Completed 200 OK in 0ms (Views: 0.1ms | ActiveRecord: 0.0ms)


Started GET "/api/bmi?height=200&weight=80" for 127.0.0.1 at 2014-12-17 17:34:03 +0900
Processing by ApiController#calc_bmi as HTML
  Parameters: {"height"=>"200", "weight"=>"80"}
Completed 200 OK in 0ms (Views: 0.1ms | ActiveRecord: 0.0ms)


Started GET "/api/bmi?height=200&weight=200" for 127.0.0.1 at 2014-12-17 17:34:05 +0900
Processing by ApiController#calc_bmi as HTML
  Parameters: {"height"=>"200", "weight"=>"200"}
Completed 200 OK in 0ms (Views: 0.1ms | ActiveRecord: 0.0ms)


Started GET "/api/bmi?height=200&weight=10" for 127.0.0.1 at 2014-12-17 17:34:13 +0900
Processing by ApiController#calc_bmi as HTML
  Parameters: {"height"=>"200", "weight"=>"10"}
Completed 200 OK in 0ms (Views: 0.1ms | ActiveRecord: 0.0ms)


Started GET "/api/bmi?height=200&weight=10" for 127.0.0.1 at 2014-12-17 17:36:41 +0900
Processing by ApiController#calc_bmi as HTML
  Parameters: {"height"=>"200", "weight"=>"10"}
Completed 200 OK in 9ms (Views: 0.3ms | ActiveRecord: 0.0ms)


Started GET "/api/bmi?height=200&weight=10" for 127.0.0.1 at 2014-12-17 17:37:26 +0900
Processing by ApiController#calc_bmi as HTML
  Parameters: {"height"=>"200", "weight"=>"10"}
Completed 200 OK in 7ms (Views: 0.2ms | ActiveRecord: 0.0ms)


Started GET "/api/bmi?height=200&weight=10" for 127.0.0.1 at 2014-12-17 17:38:21 +0900
Processing by ApiController#calc_bmi as HTML
  Parameters: {"height"=>"200", "weight"=>"10"}
Completed 200 OK in 8ms (Views: 0.2ms | ActiveRecord: 0.0ms)
  [1m[36m (1.9ms)[0m  [1mCREATE TABLE "schema_migrations" ("version" varchar(255) NOT NULL) [0m
  [1m[35m (0.1ms)[0m  select sqlite_version(*)
  [1m[36m (1.1ms)[0m  [1mCREATE UNIQUE INDEX "unique_schema_migrations" ON "schema_migrations" ("version")[0m
  [1m[35mActiveRecord::SchemaMigration Load (0.1ms)[0m  SELECT "schema_migrations".* FROM "schema_migrations"
Migrating to CreateUsers (20141217085222)
  [1m[36m (0.1ms)[0m  [1mbegin transaction[0m
  [1m[35m (0.4ms)[0m  CREATE TABLE "users" ("id" INTEGER PRIMARY KEY AUTOINCREMENT NOT NULL, "name" varchar(255), "pass" varchar(255), "userhash" varchar(255), "created_at" datetime, "updated_at" datetime) 
  [1m[36mSQL (0.1ms)[0m  [1mINSERT INTO "schema_migrations" ("version") VALUES (?)[0m  [["version", "20141217085222"]]
  [1m[35m (0.8ms)[0m  commit transaction
  [1m[36mActiveRecord::SchemaMigration Load (0.1ms)[0m  [1mSELECT "schema_migrations".* FROM "schema_migrations"[0m


Started GET "/api/bmi?height=200&weight=10" for 127.0.0.1 at 2014-12-17 18:17:49 +0900
  [1m[36mActiveRecord::SchemaMigration Load (0.1ms)[0m  [1mSELECT "schema_migrations".* FROM "schema_migrations"[0m
Processing by ApiController#calc_bmi as HTML
  Parameters: {"height"=>"200", "weight"=>"10"}
Completed 200 OK in 9ms (Views: 0.2ms | ActiveRecord: 0.0ms)


Started GET "/api/" for 127.0.0.1 at 2014-12-17 18:17:51 +0900

ActionController::RoutingError (No route matches [GET] "/api"):
  actionpack (4.1.8) lib/action_dispatch/middleware/debug_exceptions.rb:21:in `call'
  actionpack (4.1.8) lib/action_dispatch/middleware/show_exceptions.rb:30:in `call'
  railties (4.1.8) lib/rails/rack/logger.rb:38:in `call_app'
  railties (4.1.8) lib/rails/rack/logger.rb:20:in `block in call'
  activesupport (4.1.8) lib/active_support/tagged_logging.rb:68:in `block in tagged'
  activesupport (4.1.8) lib/active_support/tagged_logging.rb:26:in `tagged'
  activesupport (4.1.8) lib/active_support/tagged_logging.rb:68:in `tagged'
  railties (4.1.8) lib/rails/rack/logger.rb:20:in `call'
  actionpack (4.1.8) lib/action_dispatch/middleware/request_id.rb:21:in `call'
  rack (1.5.2) lib/rack/methodoverride.rb:21:in `call'
  rack (1.5.2) lib/rack/runtime.rb:17:in `call'
  activesupport (4.1.8) lib/active_support/cache/strategy/local_cache_middleware.rb:26:in `call'
  rack (1.5.2) lib/rack/lock.rb:17:in `call'
  actionpack (4.1.8) lib/action_dispatch/middleware/static.rb:84:in `call'
  rack (1.5.2) lib/rack/sendfile.rb:112:in `call'
  railties (4.1.8) lib/rails/engine.rb:514:in `call'
  railties (4.1.8) lib/rails/application.rb:144:in `call'
  rack (1.5.2) lib/rack/lock.rb:17:in `call'
  rack (1.5.2) lib/rack/content_length.rb:14:in `call'
  rack (1.5.2) lib/rack/handler/webrick.rb:60:in `service'
  /Users/takahiro/.rvm/rubies/ruby-2.0.0-p481/lib/ruby/2.0.0/webrick/httpserver.rb:138:in `service'
  /Users/takahiro/.rvm/rubies/ruby-2.0.0-p481/lib/ruby/2.0.0/webrick/httpserver.rb:94:in `run'
  /Users/takahiro/.rvm/rubies/ruby-2.0.0-p481/lib/ruby/2.0.0/webrick/server.rb:295:in `block in start_thread'


  Rendered /Users/takahiro/.rvm/gems/ruby-2.0.0-p481@walker/gems/actionpack-4.1.8/lib/action_dispatch/middleware/templates/rescues/_trace.html.erb (0.9ms)
  Rendered /Users/takahiro/.rvm/gems/ruby-2.0.0-p481@walker/gems/actionpack-4.1.8/lib/action_dispatch/middleware/templates/routes/_route.html.erb (0.6ms)
  Rendered /Users/takahiro/.rvm/gems/ruby-2.0.0-p481@walker/gems/actionpack-4.1.8/lib/action_dispatch/middleware/templates/routes/_table.html.erb (3.8ms)
  Rendered /Users/takahiro/.rvm/gems/ruby-2.0.0-p481@walker/gems/actionpack-4.1.8/lib/action_dispatch/middleware/templates/rescues/routing_error.html.erb within rescues/layout (19.1ms)


Started GET "/api/get_user_hash?name=Oriishi&pass=hogehoge" for 127.0.0.1 at 2014-12-17 18:18:35 +0900

ActionController::RoutingError (No route matches [GET] "/api/get_user_hash"):
  actionpack (4.1.8) lib/action_dispatch/middleware/debug_exceptions.rb:21:in `call'
  actionpack (4.1.8) lib/action_dispatch/middleware/show_exceptions.rb:30:in `call'
  railties (4.1.8) lib/rails/rack/logger.rb:38:in `call_app'
  railties (4.1.8) lib/rails/rack/logger.rb:20:in `block in call'
  activesupport (4.1.8) lib/active_support/tagged_logging.rb:68:in `block in tagged'
  activesupport (4.1.8) lib/active_support/tagged_logging.rb:26:in `tagged'
  activesupport (4.1.8) lib/active_support/tagged_logging.rb:68:in `tagged'
  railties (4.1.8) lib/rails/rack/logger.rb:20:in `call'
  actionpack (4.1.8) lib/action_dispatch/middleware/request_id.rb:21:in `call'
  rack (1.5.2) lib/rack/methodoverride.rb:21:in `call'
  rack (1.5.2) lib/rack/runtime.rb:17:in `call'
  activesupport (4.1.8) lib/active_support/cache/strategy/local_cache_middleware.rb:26:in `call'
  rack (1.5.2) lib/rack/lock.rb:17:in `call'
  actionpack (4.1.8) lib/action_dispatch/middleware/static.rb:84:in `call'
  rack (1.5.2) lib/rack/sendfile.rb:112:in `call'
  railties (4.1.8) lib/rails/engine.rb:514:in `call'
  railties (4.1.8) lib/rails/application.rb:144:in `call'
  rack (1.5.2) lib/rack/lock.rb:17:in `call'
  rack (1.5.2) lib/rack/content_length.rb:14:in `call'
  rack (1.5.2) lib/rack/handler/webrick.rb:60:in `service'
  /Users/takahiro/.rvm/rubies/ruby-2.0.0-p481/lib/ruby/2.0.0/webrick/httpserver.rb:138:in `service'
  /Users/takahiro/.rvm/rubies/ruby-2.0.0-p481/lib/ruby/2.0.0/webrick/httpserver.rb:94:in `run'
  /Users/takahiro/.rvm/rubies/ruby-2.0.0-p481/lib/ruby/2.0.0/webrick/server.rb:295:in `block in start_thread'


  Rendered /Users/takahiro/.rvm/gems/ruby-2.0.0-p481@walker/gems/actionpack-4.1.8/lib/action_dispatch/middleware/templates/rescues/_trace.html.erb (1.0ms)
  Rendered /Users/takahiro/.rvm/gems/ruby-2.0.0-p481@walker/gems/actionpack-4.1.8/lib/action_dispatch/middleware/templates/routes/_route.html.erb (0.7ms)
  Rendered /Users/takahiro/.rvm/gems/ruby-2.0.0-p481@walker/gems/actionpack-4.1.8/lib/action_dispatch/middleware/templates/routes/_table.html.erb (0.8ms)
  Rendered /Users/takahiro/.rvm/gems/ruby-2.0.0-p481@walker/gems/actionpack-4.1.8/lib/action_dispatch/middleware/templates/rescues/routing_error.html.erb within rescues/layout (15.5ms)


Started GET "/api/get_user_hash?name=Oriishi&pass=hogehoge" for 127.0.0.1 at 2014-12-17 18:20:24 +0900
  [1m[36mActiveRecord::SchemaMigration Load (0.3ms)[0m  [1mSELECT "schema_migrations".* FROM "schema_migrations"[0m

ActionController::RoutingError (No route matches [GET] "/api/get_user_hash"):
  actionpack (4.1.8) lib/action_dispatch/middleware/debug_exceptions.rb:21:in `call'
  actionpack (4.1.8) lib/action_dispatch/middleware/show_exceptions.rb:30:in `call'
  railties (4.1.8) lib/rails/rack/logger.rb:38:in `call_app'
  railties (4.1.8) lib/rails/rack/logger.rb:20:in `block in call'
  activesupport (4.1.8) lib/active_support/tagged_logging.rb:68:in `block in tagged'
  activesupport (4.1.8) lib/active_support/tagged_logging.rb:26:in `tagged'
  activesupport (4.1.8) lib/active_support/tagged_logging.rb:68:in `tagged'
  railties (4.1.8) lib/rails/rack/logger.rb:20:in `call'
  actionpack (4.1.8) lib/action_dispatch/middleware/request_id.rb:21:in `call'
  rack (1.5.2) lib/rack/methodoverride.rb:21:in `call'
  rack (1.5.2) lib/rack/runtime.rb:17:in `call'
  activesupport (4.1.8) lib/active_support/cache/strategy/local_cache_middleware.rb:26:in `call'
  rack (1.5.2) lib/rack/lock.rb:17:in `call'
  actionpack (4.1.8) lib/action_dispatch/middleware/static.rb:84:in `call'
  rack (1.5.2) lib/rack/sendfile.rb:112:in `call'
  railties (4.1.8) lib/rails/engine.rb:514:in `call'
  railties (4.1.8) lib/rails/application.rb:144:in `call'
  rack (1.5.2) lib/rack/lock.rb:17:in `call'
  rack (1.5.2) lib/rack/content_length.rb:14:in `call'
  rack (1.5.2) lib/rack/handler/webrick.rb:60:in `service'
  /Users/takahiro/.rvm/rubies/ruby-2.0.0-p481/lib/ruby/2.0.0/webrick/httpserver.rb:138:in `service'
  /Users/takahiro/.rvm/rubies/ruby-2.0.0-p481/lib/ruby/2.0.0/webrick/httpserver.rb:94:in `run'
  /Users/takahiro/.rvm/rubies/ruby-2.0.0-p481/lib/ruby/2.0.0/webrick/server.rb:295:in `block in start_thread'


  Rendered /Users/takahiro/.rvm/gems/ruby-2.0.0-p481@walker/gems/actionpack-4.1.8/lib/action_dispatch/middleware/templates/rescues/_trace.html.erb (79.2ms)
  Rendered /Users/takahiro/.rvm/gems/ruby-2.0.0-p481@walker/gems/actionpack-4.1.8/lib/action_dispatch/middleware/templates/routes/_route.html.erb (1.3ms)
  Rendered /Users/takahiro/.rvm/gems/ruby-2.0.0-p481@walker/gems/actionpack-4.1.8/lib/action_dispatch/middleware/templates/routes/_table.html.erb (5.0ms)
  Rendered /Users/takahiro/.rvm/gems/ruby-2.0.0-p481@walker/gems/actionpack-4.1.8/lib/action_dispatch/middleware/templates/rescues/routing_error.html.erb within rescues/layout (101.7ms)


Started GET "/api/get_user_hash?name=Oriishi&pass=hogehoge" for 127.0.0.1 at 2014-12-17 18:21:54 +0900
  [1m[36mActiveRecord::SchemaMigration Load (0.1ms)[0m  [1mSELECT "schema_migrations".* FROM "schema_migrations"[0m

ActionController::RoutingError (No route matches [GET] "/api/get_user_hash"):
  actionpack (4.1.8) lib/action_dispatch/middleware/debug_exceptions.rb:21:in `call'
  actionpack (4.1.8) lib/action_dispatch/middleware/show_exceptions.rb:30:in `call'
  railties (4.1.8) lib/rails/rack/logger.rb:38:in `call_app'
  railties (4.1.8) lib/rails/rack/logger.rb:20:in `block in call'
  activesupport (4.1.8) lib/active_support/tagged_logging.rb:68:in `block in tagged'
  activesupport (4.1.8) lib/active_support/tagged_logging.rb:26:in `tagged'
  activesupport (4.1.8) lib/active_support/tagged_logging.rb:68:in `tagged'
  railties (4.1.8) lib/rails/rack/logger.rb:20:in `call'
  actionpack (4.1.8) lib/action_dispatch/middleware/request_id.rb:21:in `call'
  rack (1.5.2) lib/rack/methodoverride.rb:21:in `call'
  rack (1.5.2) lib/rack/runtime.rb:17:in `call'
  activesupport (4.1.8) lib/active_support/cache/strategy/local_cache_middleware.rb:26:in `call'
  rack (1.5.2) lib/rack/lock.rb:17:in `call'
  actionpack (4.1.8) lib/action_dispatch/middleware/static.rb:84:in `call'
  rack (1.5.2) lib/rack/sendfile.rb:112:in `call'
  railties (4.1.8) lib/rails/engine.rb:514:in `call'
  railties (4.1.8) lib/rails/application.rb:144:in `call'
  rack (1.5.2) lib/rack/lock.rb:17:in `call'
  rack (1.5.2) lib/rack/content_length.rb:14:in `call'
  rack (1.5.2) lib/rack/handler/webrick.rb:60:in `service'
  /Users/takahiro/.rvm/rubies/ruby-2.0.0-p481/lib/ruby/2.0.0/webrick/httpserver.rb:138:in `service'
  /Users/takahiro/.rvm/rubies/ruby-2.0.0-p481/lib/ruby/2.0.0/webrick/httpserver.rb:94:in `run'
  /Users/takahiro/.rvm/rubies/ruby-2.0.0-p481/lib/ruby/2.0.0/webrick/server.rb:295:in `block in start_thread'


  Rendered /Users/takahiro/.rvm/gems/ruby-2.0.0-p481@walker/gems/actionpack-4.1.8/lib/action_dispatch/middleware/templates/rescues/_trace.html.erb (77.0ms)
  Rendered /Users/takahiro/.rvm/gems/ruby-2.0.0-p481@walker/gems/actionpack-4.1.8/lib/action_dispatch/middleware/templates/routes/_route.html.erb (0.9ms)
  Rendered /Users/takahiro/.rvm/gems/ruby-2.0.0-p481@walker/gems/actionpack-4.1.8/lib/action_dispatch/middleware/templates/routes/_table.html.erb (5.1ms)
  Rendered /Users/takahiro/.rvm/gems/ruby-2.0.0-p481@walker/gems/actionpack-4.1.8/lib/action_dispatch/middleware/templates/rescues/routing_error.html.erb within rescues/layout (98.9ms)


Started GET "/api/get_user_hash?name=Oriishi&pass=hogehoge" for 127.0.0.1 at 2014-12-17 18:22:24 +0900

ActionController::RoutingError (No route matches [GET] "/api/get_user_hash"):
  actionpack (4.1.8) lib/action_dispatch/middleware/debug_exceptions.rb:21:in `call'
  actionpack (4.1.8) lib/action_dispatch/middleware/show_exceptions.rb:30:in `call'
  railties (4.1.8) lib/rails/rack/logger.rb:38:in `call_app'
  railties (4.1.8) lib/rails/rack/logger.rb:20:in `block in call'
  activesupport (4.1.8) lib/active_support/tagged_logging.rb:68:in `block in tagged'
  activesupport (4.1.8) lib/active_support/tagged_logging.rb:26:in `tagged'
  activesupport (4.1.8) lib/active_support/tagged_logging.rb:68:in `tagged'
  railties (4.1.8) lib/rails/rack/logger.rb:20:in `call'
  actionpack (4.1.8) lib/action_dispatch/middleware/request_id.rb:21:in `call'
  rack (1.5.2) lib/rack/methodoverride.rb:21:in `call'
  rack (1.5.2) lib/rack/runtime.rb:17:in `call'
  activesupport (4.1.8) lib/active_support/cache/strategy/local_cache_middleware.rb:26:in `call'
  rack (1.5.2) lib/rack/lock.rb:17:in `call'
  actionpack (4.1.8) lib/action_dispatch/middleware/static.rb:84:in `call'
  rack (1.5.2) lib/rack/sendfile.rb:112:in `call'
  railties (4.1.8) lib/rails/engine.rb:514:in `call'
  railties (4.1.8) lib/rails/application.rb:144:in `call'
  rack (1.5.2) lib/rack/lock.rb:17:in `call'
  rack (1.5.2) lib/rack/content_length.rb:14:in `call'
  rack (1.5.2) lib/rack/handler/webrick.rb:60:in `service'
  /Users/takahiro/.rvm/rubies/ruby-2.0.0-p481/lib/ruby/2.0.0/webrick/httpserver.rb:138:in `service'
  /Users/takahiro/.rvm/rubies/ruby-2.0.0-p481/lib/ruby/2.0.0/webrick/httpserver.rb:94:in `run'
  /Users/takahiro/.rvm/rubies/ruby-2.0.0-p481/lib/ruby/2.0.0/webrick/server.rb:295:in `block in start_thread'


  Rendered /Users/takahiro/.rvm/gems/ruby-2.0.0-p481@walker/gems/actionpack-4.1.8/lib/action_dispatch/middleware/templates/rescues/_trace.html.erb (0.9ms)
  Rendered /Users/takahiro/.rvm/gems/ruby-2.0.0-p481@walker/gems/actionpack-4.1.8/lib/action_dispatch/middleware/templates/routes/_route.html.erb (0.7ms)
  Rendered /Users/takahiro/.rvm/gems/ruby-2.0.0-p481@walker/gems/actionpack-4.1.8/lib/action_dispatch/middleware/templates/routes/_table.html.erb (0.8ms)
  Rendered /Users/takahiro/.rvm/gems/ruby-2.0.0-p481@walker/gems/actionpack-4.1.8/lib/action_dispatch/middleware/templates/rescues/routing_error.html.erb within rescues/layout (13.9ms)


Started GET "/api/get_user_hash?name=Oriishi&pass=hogehoge" for 127.0.0.1 at 2014-12-17 18:22:25 +0900

ActionController::RoutingError (No route matches [GET] "/api/get_user_hash"):
  actionpack (4.1.8) lib/action_dispatch/middleware/debug_exceptions.rb:21:in `call'
  actionpack (4.1.8) lib/action_dispatch/middleware/show_exceptions.rb:30:in `call'
  railties (4.1.8) lib/rails/rack/logger.rb:38:in `call_app'
  railties (4.1.8) lib/rails/rack/logger.rb:20:in `block in call'
  activesupport (4.1.8) lib/active_support/tagged_logging.rb:68:in `block in tagged'
  activesupport (4.1.8) lib/active_support/tagged_logging.rb:26:in `tagged'
  activesupport (4.1.8) lib/active_support/tagged_logging.rb:68:in `tagged'
  railties (4.1.8) lib/rails/rack/logger.rb:20:in `call'
  actionpack (4.1.8) lib/action_dispatch/middleware/request_id.rb:21:in `call'
  rack (1.5.2) lib/rack/methodoverride.rb:21:in `call'
  rack (1.5.2) lib/rack/runtime.rb:17:in `call'
  activesupport (4.1.8) lib/active_support/cache/strategy/local_cache_middleware.rb:26:in `call'
  rack (1.5.2) lib/rack/lock.rb:17:in `call'
  actionpack (4.1.8) lib/action_dispatch/middleware/static.rb:84:in `call'
  rack (1.5.2) lib/rack/sendfile.rb:112:in `call'
  railties (4.1.8) lib/rails/engine.rb:514:in `call'
  railties (4.1.8) lib/rails/application.rb:144:in `call'
  rack (1.5.2) lib/rack/lock.rb:17:in `call'
  rack (1.5.2) lib/rack/content_length.rb:14:in `call'
  rack (1.5.2) lib/rack/handler/webrick.rb:60:in `service'
  /Users/takahiro/.rvm/rubies/ruby-2.0.0-p481/lib/ruby/2.0.0/webrick/httpserver.rb:138:in `service'
  /Users/takahiro/.rvm/rubies/ruby-2.0.0-p481/lib/ruby/2.0.0/webrick/httpserver.rb:94:in `run'
  /Users/takahiro/.rvm/rubies/ruby-2.0.0-p481/lib/ruby/2.0.0/webrick/server.rb:295:in `block in start_thread'


  Rendered /Users/takahiro/.rvm/gems/ruby-2.0.0-p481@walker/gems/actionpack-4.1.8/lib/action_dispatch/middleware/templates/rescues/_trace.html.erb (0.9ms)
  Rendered /Users/takahiro/.rvm/gems/ruby-2.0.0-p481@walker/gems/actionpack-4.1.8/lib/action_dispatch/middleware/templates/routes/_route.html.erb (0.6ms)
  Rendered /Users/takahiro/.rvm/gems/ruby-2.0.0-p481@walker/gems/actionpack-4.1.8/lib/action_dispatch/middleware/templates/routes/_table.html.erb (1.0ms)
  Rendered /Users/takahiro/.rvm/gems/ruby-2.0.0-p481@walker/gems/actionpack-4.1.8/lib/action_dispatch/middleware/templates/rescues/routing_error.html.erb within rescues/layout (14.5ms)


Started GET "/api/get_user_hash?name=Oriishi&pass=hogehoge" for 127.0.0.1 at 2014-12-17 18:23:24 +0900
  [1m[36mActiveRecord::SchemaMigration Load (0.1ms)[0m  [1mSELECT "schema_migrations".* FROM "schema_migrations"[0m
Processing by ApiController#get_user_hash as HTML
  Parameters: {"name"=>"Oriishi", "pass"=>"hogehoge"}
  [1m[35mUser Load (0.1ms)[0m  SELECT  "users".* FROM "users"  WHERE "users"."name" = 'Oriishi'  ORDER BY "users"."id" ASC LIMIT 1000
Completed 500 Internal Server Error in 53ms

ActionView::MissingTemplate (Missing template api/get_user_hash, application/get_user_hash with {:locale=>[:en], :formats=>[:html], :variants=>[], :handlers=>[:erb, :builder, :raw, :ruby, :coffee, :jbuilder]}. Searched in:
  * "/Users/takahiro/Documents/学校関係/SystemDesign1/server/rails/ttt/walker_server/app/views"
):
  app/controllers/api_controller.rb:29:in `get_user_hash'


  Rendered /Users/takahiro/.rvm/gems/ruby-2.0.0-p481@walker/gems/actionpack-4.1.8/lib/action_dispatch/middleware/templates/rescues/missing_template.html.erb within rescues/layout (1.0ms)


Started GET "/api/get_user_hash?name=Oriishi&pass=hogehoge" for 127.0.0.1 at 2014-12-17 18:25:24 +0900
  [1m[36mActiveRecord::SchemaMigration Load (0.1ms)[0m  [1mSELECT "schema_migrations".* FROM "schema_migrations"[0m

SyntaxError (/Users/takahiro/Documents/学校関係/SystemDesign1/server/rails/ttt/walker_server/app/controllers/api_controller.rb:26: syntax error, unexpected tIDENTIFIER, expecting keyword_end):
  app/controllers/api_controller.rb:26: syntax error, unexpected tIDENTIFIER, expecting keyword_end


  Rendered /Users/takahiro/.rvm/gems/ruby-2.0.0-p481@walker/gems/actionpack-4.1.8/lib/action_dispatch/middleware/templates/rescues/_source.erb (1.0ms)
  Rendered /Users/takahiro/.rvm/gems/ruby-2.0.0-p481@walker/gems/actionpack-4.1.8/lib/action_dispatch/middleware/templates/rescues/_trace.html.erb (1.1ms)
  Rendered /Users/takahiro/.rvm/gems/ruby-2.0.0-p481@walker/gems/actionpack-4.1.8/lib/action_dispatch/middleware/templates/rescues/_request_and_response.html.erb (8.3ms)
  Rendered /Users/takahiro/.rvm/gems/ruby-2.0.0-p481@walker/gems/actionpack-4.1.8/lib/action_dispatch/middleware/templates/rescues/diagnostics.erb within rescues/layout (25.4ms)


Started GET "/api/get_user_hash?name=Oriishi&pass=hogehoge" for 127.0.0.1 at 2014-12-17 18:26:34 +0900

SyntaxError (/Users/takahiro/Documents/学校関係/SystemDesign1/server/rails/ttt/walker_server/app/controllers/api_controller.rb:27: syntax error, unexpected tIDENTIFIER, expecting keyword_end):
  app/controllers/api_controller.rb:27: syntax error, unexpected tIDENTIFIER, expecting keyword_end


  Rendered /Users/takahiro/.rvm/gems/ruby-2.0.0-p481@walker/gems/actionpack-4.1.8/lib/action_dispatch/middleware/templates/rescues/_source.erb (0.6ms)
  Rendered /Users/takahiro/.rvm/gems/ruby-2.0.0-p481@walker/gems/actionpack-4.1.8/lib/action_dispatch/middleware/templates/rescues/_trace.html.erb (1.0ms)
  Rendered /Users/takahiro/.rvm/gems/ruby-2.0.0-p481@walker/gems/actionpack-4.1.8/lib/action_dispatch/middleware/templates/rescues/_request_and_response.html.erb (1.5ms)
  Rendered /Users/takahiro/.rvm/gems/ruby-2.0.0-p481@walker/gems/actionpack-4.1.8/lib/action_dispatch/middleware/templates/rescues/diagnostics.erb within rescues/layout (14.8ms)


Started GET "/api/get_user_hash?name=Oriishi&pass=hogehoge" for 127.0.0.1 at 2014-12-17 18:26:42 +0900

SyntaxError (/Users/takahiro/Documents/学校関係/SystemDesign1/server/rails/ttt/walker_server/app/controllers/api_controller.rb:27: syntax error, unexpected tIDENTIFIER, expecting keyword_end):
  app/controllers/api_controller.rb:27: syntax error, unexpected tIDENTIFIER, expecting keyword_end


  Rendered /Users/takahiro/.rvm/gems/ruby-2.0.0-p481@walker/gems/actionpack-4.1.8/lib/action_dispatch/middleware/templates/rescues/_source.erb (0.7ms)
  Rendered /Users/takahiro/.rvm/gems/ruby-2.0.0-p481@walker/gems/actionpack-4.1.8/lib/action_dispatch/middleware/templates/rescues/_trace.html.erb (1.3ms)
  Rendered /Users/takahiro/.rvm/gems/ruby-2.0.0-p481@walker/gems/actionpack-4.1.8/lib/action_dispatch/middleware/templates/rescues/_request_and_response.html.erb (1.5ms)
  Rendered /Users/takahiro/.rvm/gems/ruby-2.0.0-p481@walker/gems/actionpack-4.1.8/lib/action_dispatch/middleware/templates/rescues/diagnostics.erb within rescues/layout (17.1ms)


Started GET "/api/get_user_hash?name=Oriishi&pass=hogehoge" for 127.0.0.1 at 2014-12-17 18:27:07 +0900

SyntaxError (/Users/takahiro/Documents/学校関係/SystemDesign1/server/rails/ttt/walker_server/app/controllers/api_controller.rb:26: syntax error, unexpected tIDENTIFIER, expecting keyword_end):
  app/controllers/api_controller.rb:26: syntax error, unexpected tIDENTIFIER, expecting keyword_end


  Rendered /Users/takahiro/.rvm/gems/ruby-2.0.0-p481@walker/gems/actionpack-4.1.8/lib/action_dispatch/middleware/templates/rescues/_source.erb (0.7ms)
  Rendered /Users/takahiro/.rvm/gems/ruby-2.0.0-p481@walker/gems/actionpack-4.1.8/lib/action_dispatch/middleware/templates/rescues/_trace.html.erb (1.1ms)
  Rendered /Users/takahiro/.rvm/gems/ruby-2.0.0-p481@walker/gems/actionpack-4.1.8/lib/action_dispatch/middleware/templates/rescues/_request_and_response.html.erb (1.6ms)
  Rendered /Users/takahiro/.rvm/gems/ruby-2.0.0-p481@walker/gems/actionpack-4.1.8/lib/action_dispatch/middleware/templates/rescues/diagnostics.erb within rescues/layout (15.1ms)


Started GET "/api/get_user_hash?name=Oriishi&pass=hogehoge" for 127.0.0.1 at 2014-12-17 18:27:22 +0900
Processing by ApiController#get_user_hash as HTML
  Parameters: {"name"=>"Oriishi", "pass"=>"hogehoge"}
  [1m[35mUser Load (0.1ms)[0m  SELECT  "users".* FROM "users"  WHERE "users"."name" = 'Oriishi'  ORDER BY "users"."id" ASC LIMIT 1000
Completed 200 OK in 11ms (Views: 0.3ms | ActiveRecord: 0.6ms)


Started GET "/api/get_user_hash?name=riishi&pass=hogehoge" for 127.0.0.1 at 2014-12-17 18:27:33 +0900
Processing by ApiController#get_user_hash as HTML
  Parameters: {"name"=>"riishi", "pass"=>"hogehoge"}
  [1m[36mUser Load (0.2ms)[0m  [1mSELECT  "users".* FROM "users"  WHERE "users"."name" = 'riishi'  ORDER BY "users"."id" ASC LIMIT 1000[0m
Completed 200 OK in 2ms (Views: 0.2ms | ActiveRecord: 0.2ms)


Started GET "/api/get_user_hash?name=Oriishi&pass=hogehoge" for 127.0.0.1 at 2014-12-17 18:27:38 +0900
Processing by ApiController#get_user_hash as HTML
  Parameters: {"name"=>"Oriishi", "pass"=>"hogehoge"}
  [1m[35mUser Load (0.2ms)[0m  SELECT  "users".* FROM "users"  WHERE "users"."name" = 'Oriishi'  ORDER BY "users"."id" ASC LIMIT 1000
Completed 200 OK in 1ms (Views: 0.1ms | ActiveRecord: 0.2ms)


Started GET "/api/get_user_hash?name=Oriishi&pass=hogehoge" for 127.0.0.1 at 2014-12-17 18:44:50 +0900
Processing by ApiController#get_user_hash as HTML
  Parameters: {"name"=>"Oriishi", "pass"=>"hogehoge"}
  [1m[36m (0.1ms)[0m  [1mSELECT COUNT(*) FROM "users"  WHERE "users"."name" = 'Oriishi' AND "users"."pass" = 'hogehoge'[0m
  [1m[35mUser Load (0.1ms)[0m  SELECT  "users".* FROM "users"  WHERE "users"."name" = 'Oriishi' AND "users"."pass" = 'hogehoge'  ORDER BY "users"."id" ASC LIMIT 1
Completed 200 OK in 8ms (Views: 0.3ms | ActiveRecord: 0.6ms)


Started GET "/api/get_user_hash?name=Oriishi&pass=hogehoge" for 127.0.0.1 at 2014-12-17 18:44:53 +0900
Processing by ApiController#get_user_hash as HTML
  Parameters: {"name"=>"Oriishi", "pass"=>"hogehoge"}
  [1m[36m (0.2ms)[0m  [1mSELECT COUNT(*) FROM "users"  WHERE "users"."name" = 'Oriishi' AND "users"."pass" = 'hogehoge'[0m
  [1m[35mUser Load (0.1ms)[0m  SELECT  "users".* FROM "users"  WHERE "users"."name" = 'Oriishi' AND "users"."pass" = 'hogehoge'  ORDER BY "users"."id" ASC LIMIT 1
Completed 200 OK in 63ms (Views: 0.2ms | ActiveRecord: 0.3ms)


Started GET "/api/get_user_hash?name=Oriishi&pass=hogehoge" for 127.0.0.1 at 2014-12-17 18:45:02 +0900
Processing by ApiController#get_user_hash as HTML
  Parameters: {"name"=>"Oriishi", "pass"=>"hogehoge"}
  [1m[36m (0.1ms)[0m  [1mSELECT COUNT(*) FROM "users"  WHERE "users"."name" = 'Oriishi' AND "users"."pass" = 'hogehoge'[0m
  [1m[35mUser Load (0.3ms)[0m  SELECT  "users".* FROM "users"  WHERE "users"."name" = 'Oriishi' AND "users"."pass" = 'hogehoge'  ORDER BY "users"."id" ASC LIMIT 1
Completed 200 OK in 23ms (Views: 0.3ms | ActiveRecord: 0.8ms)


Started GET "/api/get_user_hash?name=Oriishi&pass=hogehoge" for 127.0.0.1 at 2014-12-17 18:45:29 +0900
Processing by ApiController#get_user_hash as HTML
  Parameters: {"name"=>"Oriishi", "pass"=>"hogehoge"}
  [1m[36m (0.2ms)[0m  [1mSELECT COUNT(*) FROM "users"  WHERE "users"."name" = 'Oriishi' AND "users"."pass" = 'hogehoge'[0m
  [1m[35mUser Load (0.1ms)[0m  SELECT  "users".* FROM "users"  WHERE "users"."name" = 'Oriishi' AND "users"."pass" = 'hogehoge'  ORDER BY "users"."id" ASC LIMIT 1
Completed 200 OK in 3ms (Views: 0.1ms | ActiveRecord: 0.3ms)


Started GET "/api/get_user_hash?name=Oriishi&pass=hogehoge" for 127.0.0.1 at 2014-12-17 18:45:47 +0900
Processing by ApiController#get_user_hash as HTML
  Parameters: {"name"=>"Oriishi", "pass"=>"hogehoge"}
  [1m[36m (0.1ms)[0m  [1mSELECT COUNT(*) FROM "users"  WHERE "users"."name" = 'Oriishi' AND "users"."pass" = 'hogehoge'[0m
  [1m[35mUser Load (0.2ms)[0m  SELECT  "users".* FROM "users"  WHERE "users"."name" = 'Oriishi' AND "users"."pass" = 'hogehoge'  ORDER BY "users"."id" ASC LIMIT 1
Completed 200 OK in 2ms (Views: 0.1ms | ActiveRecord: 0.3ms)


Started GET "/api/get_user_hash?name=Oriishi&pass=hogehoge" for 127.0.0.1 at 2014-12-17 18:45:47 +0900
Processing by ApiController#get_user_hash as HTML
  Parameters: {"name"=>"Oriishi", "pass"=>"hogehoge"}
  [1m[36m (0.1ms)[0m  [1mSELECT COUNT(*) FROM "users"  WHERE "users"."name" = 'Oriishi' AND "users"."pass" = 'hogehoge'[0m
  [1m[35mUser Load (0.1ms)[0m  SELECT  "users".* FROM "users"  WHERE "users"."name" = 'Oriishi' AND "users"."pass" = 'hogehoge'  ORDER BY "users"."id" ASC LIMIT 1
Completed 200 OK in 2ms (Views: 0.1ms | ActiveRecord: 0.3ms)


Started GET "/api/get_user_hash?name=Oriishi&pass=hogehoge" for 127.0.0.1 at 2014-12-17 18:45:57 +0900
Processing by ApiController#get_user_hash as HTML
  Parameters: {"name"=>"Oriishi", "pass"=>"hogehoge"}
  [1m[36m (0.1ms)[0m  [1mSELECT COUNT(*) FROM "users"  WHERE "users"."name" = 'Oriishi' AND "users"."pass" = 'hogehoge'[0m
  [1m[35mUser Load (0.1ms)[0m  SELECT  "users".* FROM "users"  WHERE "users"."name" = 'Oriishi' AND "users"."pass" = 'hogehoge'  ORDER BY "users"."id" ASC LIMIT 1
Completed 200 OK in 2ms (Views: 0.1ms | ActiveRecord: 0.3ms)


Started GET "/api/get_user_hash?name=Oriishi&pass=hoge" for 127.0.0.1 at 2014-12-17 18:45:58 +0900
Processing by ApiController#get_user_hash as HTML
  Parameters: {"name"=>"Oriishi", "pass"=>"hoge"}
  [1m[36m (0.2ms)[0m  [1mSELECT COUNT(*) FROM "users"  WHERE "users"."name" = 'Oriishi' AND "users"."pass" = 'hoge'[0m
Completed 200 OK in 2ms (Views: 0.1ms | ActiveRecord: 0.2ms)


Started GET "/api/get_user_hash?name=Oriishi&pass=hoge" for 220.217.130.42 at 2014-12-18 02:51:08 +0900
  [1m[36mActiveRecord::SchemaMigration Load (0.4ms)[0m  [1mSELECT "schema_migrations".* FROM "schema_migrations"[0m
Processing by ApiController#get_user_hash as HTML
  Parameters: {"name"=>"Oriishi", "pass"=>"hoge"}
  [1m[35m (0.3ms)[0m  SELECT COUNT(*) FROM "users"  WHERE "users"."name" = 'Oriishi' AND "users"."pass" = 'hoge'
Completed 200 OK in 122ms (Views: 0.7ms | ActiveRecord: 1.5ms)


Started GET "/" for 220.217.130.42 at 2014-12-19 18:16:47 +0900
  [1m[36mActiveRecord::SchemaMigration Load (0.3ms)[0m  [1mSELECT "schema_migrations".* FROM "schema_migrations"[0m
Processing by Rails::WelcomeController#index as HTML
  Rendered /home/takahiro/.rvm/gems/ruby-2.1.4@walker/gems/railties-4.1.8/lib/rails/templates/rails/welcome/index.html.erb (5.2ms)
Completed 200 OK in 133ms (Views: 27.6ms | ActiveRecord: 0.0ms)


Started GET "/" for 220.217.130.42 at 2014-12-19 18:16:55 +0900
Processing by Rails::WelcomeController#index as HTML
  Rendered /home/takahiro/.rvm/gems/ruby-2.1.4@walker/gems/railties-4.1.8/lib/rails/templates/rails/welcome/index.html.erb (0.1ms)
Completed 200 OK in 3ms (Views: 2.6ms | ActiveRecord: 0.0ms)


Started GET "/" for 220.217.130.42 at 2014-12-19 18:16:57 +0900
Processing by Rails::WelcomeController#index as HTML
  Rendered /home/takahiro/.rvm/gems/ruby-2.1.4@walker/gems/railties-4.1.8/lib/rails/templates/rails/welcome/index.html.erb (0.2ms)
Completed 200 OK in 7ms (Views: 2.5ms | ActiveRecord: 0.0ms)


Started GET "/" for 220.217.130.42 at 2014-12-19 18:17:07 +0900
Processing by Rails::WelcomeController#index as HTML
  Rendered /home/takahiro/.rvm/gems/ruby-2.1.4@walker/gems/railties-4.1.8/lib/rails/templates/rails/welcome/index.html.erb (0.1ms)
Completed 200 OK in 3ms (Views: 2.1ms | ActiveRecord: 0.0ms)


Started GET "/api/get_user_hash?name=Oriishi&pass=hoge" for 220.217.130.42 at 2014-12-19 18:17:09 +0900
Processing by ApiController#get_user_hash as HTML
  Parameters: {"name"=>"Oriishi", "pass"=>"hoge"}
  [1m[35m (0.4ms)[0m  SELECT COUNT(*) FROM "users"  WHERE "users"."name" = 'Oriishi' AND "users"."pass" = 'hoge'
Completed 200 OK in 28ms (Views: 0.6ms | ActiveRecord: 1.5ms)


Started GET "/api/register_user?name=hoge&pass=foo" for 220.217.130.42 at 2014-12-19 18:17:35 +0900
Processing by ApiController#register_user as HTML
  Parameters: {"name"=>"hoge", "pass"=>"foo"}
  Rendered text template (0.1ms)
Completed 200 OK in 18ms (Views: 3.7ms | ActiveRecord: 0.0ms)


Started GET "/api/register_user?name=hoge&pass=foo" for 220.217.130.42 at 2014-12-19 18:18:35 +0900
Processing by ApiController#register_user as HTML
  Parameters: {"name"=>"hoge", "pass"=>"foo"}
Completed 500 Internal Server Error in 31ms

NameError (undefined local variable or method `new_user' for #<ApiController:0x00000005a65220>):
  app/controllers/api_controller.rb:37:in `register_user'


  Rendered /home/takahiro/.rvm/gems/ruby-2.1.4@walker/gems/actionpack-4.1.8/lib/action_dispatch/middleware/templates/rescues/_source.erb (1.9ms)
  Rendered /home/takahiro/.rvm/gems/ruby-2.1.4@walker/gems/actionpack-4.1.8/lib/action_dispatch/middleware/templates/rescues/_trace.html.erb (3.2ms)
  Rendered /home/takahiro/.rvm/gems/ruby-2.1.4@walker/gems/actionpack-4.1.8/lib/action_dispatch/middleware/templates/rescues/_request_and_response.html.erb (2.9ms)
  Rendered /home/takahiro/.rvm/gems/ruby-2.1.4@walker/gems/actionpack-4.1.8/lib/action_dispatch/middleware/templates/rescues/diagnostics.erb within rescues/layout (48.0ms)


Started GET "/api/get_user_hash?name=Oriishi&pass=hoge" for 220.217.130.42 at 2014-12-19 18:31:04 +0900
  [1m[36mActiveRecord::SchemaMigration Load (0.2ms)[0m  [1mSELECT "schema_migrations".* FROM "schema_migrations"[0m
Processing by ApiController#get_user_hash as HTML
  Parameters: {"name"=>"Oriishi", "pass"=>"hoge"}
  [1m[35m (0.4ms)[0m  SELECT COUNT(*) FROM "users"  WHERE "users"."name" = 'Oriishi' AND "users"."pass" = 'hoge'
Completed 200 OK in 53ms (Views: 0.7ms | ActiveRecord: 1.3ms)


Started GET "/api/get_user_hash?name=Oriishi&pass=hoge" for 220.217.130.42 at 2014-12-19 18:31:11 +0900
Processing by ApiController#get_user_hash as HTML
  Parameters: {"name"=>"Oriishi", "pass"=>"hoge"}
  [1m[36m (1.2ms)[0m  [1mSELECT COUNT(*) FROM "users"  WHERE "users"."name" = 'Oriishi' AND "users"."pass" = 'hoge'[0m
Completed 200 OK in 11ms (Views: 1.1ms | ActiveRecord: 1.2ms)


Started GET "/api/get_user_hash?name=Oriishi&pass=hogehoge" for 220.217.130.42 at 2014-12-19 18:31:14 +0900
Processing by ApiController#get_user_hash as HTML
  Parameters: {"name"=>"Oriishi", "pass"=>"hogehoge"}
  [1m[35m (0.4ms)[0m  SELECT COUNT(*) FROM "users"  WHERE "users"."name" = 'Oriishi' AND "users"."pass" = 'hogehoge'
  [1m[36mUser Load (0.5ms)[0m  [1mSELECT  "users".* FROM "users"  WHERE "users"."name" = 'Oriishi' AND "users"."pass" = 'hogehoge'  ORDER BY "users"."id" ASC LIMIT 1[0m
Completed 200 OK in 20ms (Views: 0.6ms | ActiveRecord: 0.8ms)


Started GET "/api/register_user?name=hoge&pass=foo" for 220.217.130.42 at 2014-12-19 18:53:08 +0900

SyntaxError (/home/takahiro/classes/systemdesign1/walker_server/app/controllers/api_controller.rb:41: syntax error, unexpected '[', expecting '('
			user.created_at =  Time.now.to_s.split(",").[0]
			                                             ^
/home/takahiro/classes/systemdesign1/walker_server/app/controllers/api_controller.rb:42: syntax error, unexpected '[', expecting '('
			user.updated_at =  Time.now.to_s.split(",").[0]
			                                             ^):
  app/controllers/api_controller.rb:41: syntax error, unexpected '[', expecting '('
  app/controllers/api_controller.rb:42: syntax error, unexpected '[', expecting '('


  Rendered /home/takahiro/.rvm/gems/ruby-2.1.4@walker/gems/actionpack-4.1.8/lib/action_dispatch/middleware/templates/rescues/_source.erb (1.7ms)
  Rendered /home/takahiro/.rvm/gems/ruby-2.1.4@walker/gems/actionpack-4.1.8/lib/action_dispatch/middleware/templates/rescues/_trace.html.erb (2.8ms)
  Rendered /home/takahiro/.rvm/gems/ruby-2.1.4@walker/gems/actionpack-4.1.8/lib/action_dispatch/middleware/templates/rescues/_request_and_response.html.erb (2.7ms)
  Rendered /home/takahiro/.rvm/gems/ruby-2.1.4@walker/gems/actionpack-4.1.8/lib/action_dispatch/middleware/templates/rescues/diagnostics.erb within rescues/layout (33.1ms)


Started GET "/api/register_user?name=hoge&pass=foo" for 220.217.130.42 at 2014-12-19 18:53:56 +0900

SyntaxError (/home/takahiro/classes/systemdesign1/walker_server/app/controllers/api_controller.rb:40: syntax error, unexpected '[', expecting '('
			user.created_at = Time.now.to_s.split(",").[0]
			                                            ^
/home/takahiro/classes/systemdesign1/walker_server/app/controllers/api_controller.rb:41: syntax error, unexpected '[', expecting '('
			user.updated_at = Time.now.to_s.split(",").[0]
			                                            ^):
  app/controllers/api_controller.rb:40: syntax error, unexpected '[', expecting '('
  app/controllers/api_controller.rb:41: syntax error, unexpected '[', expecting '('


  Rendered /home/takahiro/.rvm/gems/ruby-2.1.4@walker/gems/actionpack-4.1.8/lib/action_dispatch/middleware/templates/rescues/_source.erb (2.0ms)
  Rendered /home/takahiro/.rvm/gems/ruby-2.1.4@walker/gems/actionpack-4.1.8/lib/action_dispatch/middleware/templates/rescues/_trace.html.erb (4.0ms)
  Rendered /home/takahiro/.rvm/gems/ruby-2.1.4@walker/gems/actionpack-4.1.8/lib/action_dispatch/middleware/templates/rescues/_request_and_response.html.erb (3.1ms)
  Rendered /home/takahiro/.rvm/gems/ruby-2.1.4@walker/gems/actionpack-4.1.8/lib/action_dispatch/middleware/templates/rescues/diagnostics.erb within rescues/layout (36.1ms)


Started GET "/api/register_user?name=hoge&pass=foo" for 220.217.130.42 at 2014-12-19 20:04:19 +0900

SyntaxError (/home/takahiro/classes/systemdesign1/walker_server/app/controllers/api_controller.rb:40: syntax error, unexpected '[', expecting '('
			user.created_at = Time.now.to_s.split("+").[0]
			                                            ^
/home/takahiro/classes/systemdesign1/walker_server/app/controllers/api_controller.rb:41: syntax error, unexpected '[', expecting '('
			user.updated_at = Time.now.to_s.split("+").[0]
			                                            ^):
  app/controllers/api_controller.rb:40: syntax error, unexpected '[', expecting '('
  app/controllers/api_controller.rb:41: syntax error, unexpected '[', expecting '('


  Rendered /home/takahiro/.rvm/gems/ruby-2.1.4@walker/gems/actionpack-4.1.8/lib/action_dispatch/middleware/templates/rescues/_source.erb (2.2ms)
  Rendered /home/takahiro/.rvm/gems/ruby-2.1.4@walker/gems/actionpack-4.1.8/lib/action_dispatch/middleware/templates/rescues/_trace.html.erb (3.7ms)
  Rendered /home/takahiro/.rvm/gems/ruby-2.1.4@walker/gems/actionpack-4.1.8/lib/action_dispatch/middleware/templates/rescues/_request_and_response.html.erb (2.9ms)
  Rendered /home/takahiro/.rvm/gems/ruby-2.1.4@walker/gems/actionpack-4.1.8/lib/action_dispatch/middleware/templates/rescues/diagnostics.erb within rescues/layout (34.5ms)


Started GET "/api/register_user?name=hoge&pass=foo" for 220.217.130.42 at 2014-12-19 21:47:41 +0900
  [1m[36mActiveRecord::SchemaMigration Load (0.4ms)[0m  [1mSELECT "schema_migrations".* FROM "schema_migrations"[0m
Processing by ApiController#register_user as HTML
  Parameters: {"name"=>"hoge", "pass"=>"foo"}
  [1m[35m (0.4ms)[0m  begin transaction
  [1m[36mSQL (18.5ms)[0m  [1mINSERT INTO "users" ("created_at", "pass", "updated_at", "userhash") VALUES (?, ?, ?, ?)[0m  [["created_at", "2014-12-19 21:47:41.000000"], ["pass", "foo"], ["updated_at", "2014-12-19 21:47:41.000000"], ["userhash", "VIYIHAWIALMCSLVC"]]
  [1m[35m (21.1ms)[0m  commit transaction
  Rendered text template (0.1ms)
Completed 200 OK in 127ms (Views: 15.0ms | ActiveRecord: 40.7ms)


Started GET "/api/get_user_hash?name=hoge&pass=foo" for 220.217.130.42 at 2014-12-19 21:48:07 +0900
Processing by ApiController#get_user_hash as HTML
  Parameters: {"name"=>"hoge", "pass"=>"foo"}
  [1m[36m (0.5ms)[0m  [1mSELECT COUNT(*) FROM "users"  WHERE "users"."name" = 'hoge' AND "users"."pass" = 'foo'[0m
Completed 200 OK in 12ms (Views: 0.5ms | ActiveRecord: 0.5ms)


Started GET "/api/register_user?name=hoge&pass=foo" for 220.217.130.42 at 2014-12-19 21:48:39 +0900
Processing by ApiController#register_user as HTML
  Parameters: {"name"=>"hoge", "pass"=>"foo"}
  [1m[35m (0.3ms)[0m  begin transaction
  [1m[36mSQL (0.9ms)[0m  [1mINSERT INTO "users" ("created_at", "pass", "updated_at", "userhash") VALUES (?, ?, ?, ?)[0m  [["created_at", "2014-12-19 21:48:39.000000"], ["pass", "foo"], ["updated_at", "2014-12-19 21:48:39.000000"], ["userhash", "MSRADBWSBGVKDUYY"]]
  [1m[35m (11.7ms)[0m  commit transaction
  Rendered text template (0.1ms)
Completed 200 OK in 49ms (Views: 1.8ms | ActiveRecord: 14.4ms)


Started GET "/api/register_user?name=hoge&pass=foo" for 220.217.130.42 at 2014-12-19 21:48:54 +0900
Processing by ApiController#register_user as HTML
  Parameters: {"name"=>"hoge", "pass"=>"foo"}
  [1m[36m (0.2ms)[0m  [1mbegin transaction[0m
  [1m[35mSQL (0.4ms)[0m  INSERT INTO "users" ("created_at", "pass", "updated_at", "userhash") VALUES (?, ?, ?, ?)  [["created_at", "2014-12-19 21:48:54.000000"], ["pass", "foo"], ["updated_at", "2014-12-19 21:48:54.000000"], ["userhash", "MAQIQUOWPKGQCBBZ"]]
  [1m[36m (3.7ms)[0m  [1mcommit transaction[0m
  Rendered text template (0.0ms)
Completed 200 OK in 10ms (Views: 0.8ms | ActiveRecord: 4.2ms)


Started GET "/api/register_user?name=hoge" for 220.217.130.42 at 2014-12-19 21:48:56 +0900
Processing by ApiController#register_user as HTML
  Parameters: {"name"=>"hoge"}
  Rendered text template (0.1ms)
Completed 200 OK in 2ms (Views: 0.7ms | ActiveRecord: 0.0ms)
